{"C:\\Users\\khokh\\OneDrive\\Desktop\\ODDO\\Budget-Accounting-System-Shiv-Furniture\\backend\\middleware\\accessControlMiddleware.js": {"path":"C:\\Users\\khokh\\OneDrive\\Desktop\\ODDO\\Budget-Accounting-System-Shiv-Furniture\\backend\\middleware\\accessControlMiddleware.js","statementMap":{"0":{"start":{"line":1,"column":29},"end":{"line":1,"column":72}},"1":{"start":{"line":2,"column":20},"end":{"line":2,"column":54}},"2":{"start":{"line":5,"column":39},"end":{"line":24,"column":1}},"3":{"start":{"line":6,"column":2},"end":{"line":23,"column":4}},"4":{"start":{"line":7,"column":24},"end":{"line":7,"column":59}},"5":{"start":{"line":9,"column":4},"end":{"line":22,"column":5}},"6":{"start":{"line":11,"column":6},"end":{"line":11,"column":79}},"7":{"start":{"line":14,"column":6},"end":{"line":14,"column":36}},"8":{"start":{"line":15,"column":6},"end":{"line":15,"column":13}},"9":{"start":{"line":17,"column":6},"end":{"line":21,"column":9}},"10":{"start":{"line":27,"column":31},"end":{"line":27,"column":85}},"11":{"start":{"line":28,"column":27},"end":{"line":28,"column":77}},"12":{"start":{"line":29,"column":28},"end":{"line":29,"column":79}},"13":{"start":{"line":30,"column":27},"end":{"line":30,"column":76}},"14":{"start":{"line":31,"column":33},"end":{"line":31,"column":89}},"15":{"start":{"line":32,"column":38},"end":{"line":32,"column":99}},"16":{"start":{"line":35,"column":30},"end":{"line":37,"column":1}},"17":{"start":{"line":36,"column":2},"end":{"line":36,"column":65}},"18":{"start":{"line":40,"column":34},"end":{"line":53,"column":1}},"19":{"start":{"line":41,"column":22},"end":{"line":41,"column":57}},"20":{"start":{"line":43,"column":21},"end":{"line":43,"column":80}},"21":{"start":{"line":45,"column":2},"end":{"line":49,"column":3}},"22":{"start":{"line":46,"column":4},"end":{"line":48,"column":7}},"23":{"start":{"line":51,"column":2},"end":{"line":51,"column":32}},"24":{"start":{"line":52,"column":2},"end":{"line":52,"column":9}},"25":{"start":{"line":56,"column":30},"end":{"line":64,"column":1}},"26":{"start":{"line":57,"column":22},"end":{"line":57,"column":57}},"27":{"start":{"line":60,"column":2},"end":{"line":60,"column":84}},"28":{"start":{"line":61,"column":2},"end":{"line":61,"column":32}},"29":{"start":{"line":63,"column":2},"end":{"line":63,"column":9}},"30":{"start":{"line":67,"column":35},"end":{"line":89,"column":1}},"31":{"start":{"line":68,"column":2},"end":{"line":88,"column":4}},"32":{"start":{"line":69,"column":24},"end":{"line":69,"column":59}},"33":{"start":{"line":70,"column":24},"end":{"line":70,"column":79}},"34":{"start":{"line":72,"column":23},"end":{"line":77,"column":5}},"35":{"start":{"line":79,"column":4},"end":{"line":84,"column":5}},"36":{"start":{"line":80,"column":6},"end":{"line":83,"column":9}},"37":{"start":{"line":86,"column":4},"end":{"line":86,"column":34}},"38":{"start":{"line":87,"column":4},"end":{"line":87,"column":11}},"39":{"start":{"line":92,"column":32},"end":{"line":115,"column":1}},"40":{"start":{"line":93,"column":22},"end":{"line":93,"column":57}},"41":{"start":{"line":96,"column":2},"end":{"line":99,"column":3}},"42":{"start":{"line":97,"column":4},"end":{"line":97,"column":34}},"43":{"start":{"line":98,"column":4},"end":{"line":98,"column":18}},"44":{"start":{"line":102,"column":2},"end":{"line":111,"column":3}},"45":{"start":{"line":103,"column":4},"end":{"line":110,"column":7}},"46":{"start":{"line":113,"column":2},"end":{"line":113,"column":32}},"47":{"start":{"line":114,"column":2},"end":{"line":114,"column":9}},"48":{"start":{"line":118,"column":25},"end":{"line":127,"column":1}},"49":{"start":{"line":119,"column":2},"end":{"line":126,"column":4}},"50":{"start":{"line":120,"column":24},"end":{"line":120,"column":59}},"51":{"start":{"line":123,"column":4},"end":{"line":123,"column":151}},"52":{"start":{"line":125,"column":4},"end":{"line":125,"column":11}},"53":{"start":{"line":129,"column":0},"end":{"line":148,"column":2}}},"fnMap":{"0":{"name":"(anonymous_0)","decl":{"start":{"line":5,"column":39},"end":{"line":5,"column":40}},"loc":{"start":{"line":5,"column":68},"end":{"line":24,"column":1}},"line":5},"1":{"name":"(anonymous_1)","decl":{"start":{"line":6,"column":9},"end":{"line":6,"column":10}},"loc":{"start":{"line":6,"column":29},"end":{"line":23,"column":3}},"line":6},"2":{"name":"(anonymous_2)","decl":{"start":{"line":35,"column":30},"end":{"line":35,"column":31}},"loc":{"start":{"line":35,"column":59},"end":{"line":37,"column":1}},"line":35},"3":{"name":"(anonymous_3)","decl":{"start":{"line":40,"column":34},"end":{"line":40,"column":35}},"loc":{"start":{"line":40,"column":54},"end":{"line":53,"column":1}},"line":40},"4":{"name":"(anonymous_4)","decl":{"start":{"line":56,"column":30},"end":{"line":56,"column":31}},"loc":{"start":{"line":56,"column":50},"end":{"line":64,"column":1}},"line":56},"5":{"name":"(anonymous_5)","decl":{"start":{"line":67,"column":35},"end":{"line":67,"column":36}},"loc":{"start":{"line":67,"column":64},"end":{"line":89,"column":1}},"line":67},"6":{"name":"(anonymous_6)","decl":{"start":{"line":68,"column":9},"end":{"line":68,"column":10}},"loc":{"start":{"line":68,"column":29},"end":{"line":88,"column":3}},"line":68},"7":{"name":"(anonymous_7)","decl":{"start":{"line":92,"column":32},"end":{"line":92,"column":33}},"loc":{"start":{"line":92,"column":52},"end":{"line":115,"column":1}},"line":92},"8":{"name":"(anonymous_8)","decl":{"start":{"line":118,"column":25},"end":{"line":118,"column":26}},"loc":{"start":{"line":118,"column":54},"end":{"line":127,"column":1}},"line":118},"9":{"name":"(anonymous_9)","decl":{"start":{"line":119,"column":9},"end":{"line":119,"column":10}},"loc":{"start":{"line":119,"column":29},"end":{"line":126,"column":3}},"line":119}},"branchMap":{"0":{"loc":{"start":{"line":17,"column":24},"end":{"line":17,"column":47}},"type":"binary-expr","locations":[{"start":{"line":17,"column":24},"end":{"line":17,"column":40}},{"start":{"line":17,"column":44},"end":{"line":17,"column":47}}],"line":17},"1":{"loc":{"start":{"line":45,"column":2},"end":{"line":49,"column":3}},"type":"if","locations":[{"start":{"line":45,"column":2},"end":{"line":49,"column":3}},{"start":{},"end":{}}],"line":45},"2":{"loc":{"start":{"line":70,"column":24},"end":{"line":70,"column":79}},"type":"binary-expr","locations":[{"start":{"line":70,"column":24},"end":{"line":70,"column":45}},{"start":{"line":70,"column":49},"end":{"line":70,"column":74}},{"start":{"line":70,"column":78},"end":{"line":70,"column":79}}],"line":70},"3":{"loc":{"start":{"line":79,"column":4},"end":{"line":84,"column":5}},"type":"if","locations":[{"start":{"line":79,"column":4},"end":{"line":84,"column":5}},{"start":{},"end":{}}],"line":79},"4":{"loc":{"start":{"line":96,"column":2},"end":{"line":99,"column":3}},"type":"if","locations":[{"start":{"line":96,"column":2},"end":{"line":99,"column":3}},{"start":{},"end":{}}],"line":96},"5":{"loc":{"start":{"line":102,"column":2},"end":{"line":111,"column":3}},"type":"if","locations":[{"start":{"line":102,"column":2},"end":{"line":111,"column":3}},{"start":{},"end":{}}],"line":102},"6":{"loc":{"start":{"line":102,"column":6},"end":{"line":102,"column":60}},"type":"binary-expr","locations":[{"start":{"line":102,"column":6},"end":{"line":102,"column":36}},{"start":{"line":102,"column":40},"end":{"line":102,"column":60}}],"line":102},"7":{"loc":{"start":{"line":123,"column":35},"end":{"line":123,"column":68}},"type":"binary-expr","locations":[{"start":{"line":123,"column":35},"end":{"line":123,"column":53}},{"start":{"line":123,"column":57},"end":{"line":123,"column":68}}],"line":123},"8":{"loc":{"start":{"line":123,"column":73},"end":{"line":123,"column":103}},"type":"binary-expr","locations":[{"start":{"line":123,"column":73},"end":{"line":123,"column":90}},{"start":{"line":123,"column":94},"end":{"line":123,"column":103}}],"line":123}},"s":{"0":0,"1":0,"2":0,"3":0,"4":0,"5":0,"6":0,"7":0,"8":0,"9":0,"10":0,"11":0,"12":0,"13":0,"14":0,"15":0,"16":0,"17":0,"18":0,"19":0,"20":0,"21":0,"22":0,"23":0,"24":0,"25":0,"26":0,"27":0,"28":0,"29":0,"30":0,"31":0,"32":0,"33":0,"34":0,"35":0,"36":0,"37":0,"38":0,"39":0,"40":0,"41":0,"42":0,"43":0,"44":0,"45":0,"46":0,"47":0,"48":0,"49":0,"50":0,"51":0,"52":0,"53":0},"f":{"0":0,"1":0,"2":0,"3":0,"4":0,"5":0,"6":0,"7":0,"8":0,"9":0},"b":{"0":[0,0],"1":[0,0],"2":[0,0,0],"3":[0,0],"4":[0,0],"5":[0,0],"6":[0,0],"7":[0,0],"8":[0,0]}}
,"C:\\Users\\khokh\\OneDrive\\Desktop\\ODDO\\Budget-Accounting-System-Shiv-Furniture\\backend\\middleware\\authMiddleware.js": {"path":"C:\\Users\\khokh\\OneDrive\\Desktop\\ODDO\\Budget-Accounting-System-Shiv-Furniture\\backend\\middleware\\authMiddleware.js","statementMap":{"0":{"start":{"line":1,"column":20},"end":{"line":1,"column":54}},"1":{"start":{"line":4,"column":20},"end":{"line":16,"column":1}},"2":{"start":{"line":5,"column":22},"end":{"line":5,"column":57}},"3":{"start":{"line":7,"column":2},"end":{"line":11,"column":3}},"4":{"start":{"line":8,"column":4},"end":{"line":10,"column":7}},"5":{"start":{"line":14,"column":2},"end":{"line":14,"column":32}},"6":{"start":{"line":15,"column":2},"end":{"line":15,"column":9}},"7":{"start":{"line":19,"column":21},"end":{"line":30,"column":1}},"8":{"start":{"line":20,"column":22},"end":{"line":20,"column":57}},"9":{"start":{"line":22,"column":2},"end":{"line":26,"column":3}},"10":{"start":{"line":23,"column":4},"end":{"line":25,"column":7}},"11":{"start":{"line":28,"column":2},"end":{"line":28,"column":32}},"12":{"start":{"line":29,"column":2},"end":{"line":29,"column":9}},"13":{"start":{"line":33,"column":28},"end":{"line":44,"column":1}},"14":{"start":{"line":34,"column":22},"end":{"line":34,"column":57}},"15":{"start":{"line":36,"column":2},"end":{"line":40,"column":3}},"16":{"start":{"line":37,"column":4},"end":{"line":39,"column":7}},"17":{"start":{"line":42,"column":2},"end":{"line":42,"column":32}},"18":{"start":{"line":43,"column":2},"end":{"line":43,"column":9}},"19":{"start":{"line":47,"column":34},"end":{"line":58,"column":1}},"20":{"start":{"line":48,"column":22},"end":{"line":48,"column":57}},"21":{"start":{"line":50,"column":2},"end":{"line":54,"column":3}},"22":{"start":{"line":51,"column":4},"end":{"line":53,"column":7}},"23":{"start":{"line":56,"column":2},"end":{"line":56,"column":32}},"24":{"start":{"line":57,"column":2},"end":{"line":57,"column":9}},"25":{"start":{"line":61,"column":26},"end":{"line":65,"column":1}},"26":{"start":{"line":62,"column":22},"end":{"line":62,"column":57}},"27":{"start":{"line":63,"column":2},"end":{"line":63,"column":32}},"28":{"start":{"line":64,"column":2},"end":{"line":64,"column":9}},"29":{"start":{"line":67,"column":0},"end":{"line":73,"column":2}}},"fnMap":{"0":{"name":"(anonymous_0)","decl":{"start":{"line":4,"column":20},"end":{"line":4,"column":21}},"loc":{"start":{"line":4,"column":40},"end":{"line":16,"column":1}},"line":4},"1":{"name":"(anonymous_1)","decl":{"start":{"line":19,"column":21},"end":{"line":19,"column":22}},"loc":{"start":{"line":19,"column":41},"end":{"line":30,"column":1}},"line":19},"2":{"name":"(anonymous_2)","decl":{"start":{"line":33,"column":28},"end":{"line":33,"column":29}},"loc":{"start":{"line":33,"column":48},"end":{"line":44,"column":1}},"line":33},"3":{"name":"(anonymous_3)","decl":{"start":{"line":47,"column":34},"end":{"line":47,"column":35}},"loc":{"start":{"line":47,"column":54},"end":{"line":58,"column":1}},"line":47},"4":{"name":"(anonymous_4)","decl":{"start":{"line":61,"column":26},"end":{"line":61,"column":27}},"loc":{"start":{"line":61,"column":46},"end":{"line":65,"column":1}},"line":61}},"branchMap":{"0":{"loc":{"start":{"line":7,"column":2},"end":{"line":11,"column":3}},"type":"if","locations":[{"start":{"line":7,"column":2},"end":{"line":11,"column":3}},{"start":{},"end":{}}],"line":7},"1":{"loc":{"start":{"line":22,"column":2},"end":{"line":26,"column":3}},"type":"if","locations":[{"start":{"line":22,"column":2},"end":{"line":26,"column":3}},{"start":{},"end":{}}],"line":22},"2":{"loc":{"start":{"line":36,"column":2},"end":{"line":40,"column":3}},"type":"if","locations":[{"start":{"line":36,"column":2},"end":{"line":40,"column":3}},{"start":{},"end":{}}],"line":36},"3":{"loc":{"start":{"line":50,"column":2},"end":{"line":54,"column":3}},"type":"if","locations":[{"start":{"line":50,"column":2},"end":{"line":54,"column":3}},{"start":{},"end":{}}],"line":50}},"s":{"0":0,"1":0,"2":0,"3":0,"4":0,"5":0,"6":0,"7":0,"8":0,"9":0,"10":0,"11":0,"12":0,"13":0,"14":0,"15":0,"16":0,"17":0,"18":0,"19":0,"20":0,"21":0,"22":0,"23":0,"24":0,"25":0,"26":0,"27":0,"28":0,"29":0},"f":{"0":0,"1":0,"2":0,"3":0,"4":0},"b":{"0":[0,0],"1":[0,0],"2":[0,0],"3":[0,0]}}
,"C:\\Users\\khokh\\OneDrive\\Desktop\\ODDO\\Budget-Accounting-System-Shiv-Furniture\\backend\\services\\accessControlService.js": {"path":"C:\\Users\\khokh\\OneDrive\\Desktop\\ODDO\\Budget-Accounting-System-Shiv-Furniture\\backend\\services\\accessControlService.js","statementMap":{"0":{"start":{"line":1,"column":20},"end":{"line":1,"column":44}},"1":{"start":{"line":6,"column":4},"end":{"line":12,"column":5}},"2":{"start":{"line":7,"column":6},"end":{"line":11,"column":8}},"3":{"start":{"line":14,"column":21},"end":{"line":14,"column":37}},"4":{"start":{"line":17,"column":4},"end":{"line":23,"column":5}},"5":{"start":{"line":18,"column":6},"end":{"line":22,"column":8}},"6":{"start":{"line":26,"column":4},"end":{"line":28,"column":5}},"7":{"start":{"line":27,"column":6},"end":{"line":27,"column":65}},"8":{"start":{"line":31,"column":4},"end":{"line":35,"column":6}},"9":{"start":{"line":41,"column":4},"end":{"line":47,"column":5}},"10":{"start":{"line":42,"column":6},"end":{"line":46,"column":8}},"11":{"start":{"line":50,"column":30},"end":{"line":53,"column":5}},"12":{"start":{"line":55,"column":4},"end":{"line":61,"column":5}},"13":{"start":{"line":56,"column":6},"end":{"line":60,"column":8}},"14":{"start":{"line":64,"column":4},"end":{"line":70,"column":5}},"15":{"start":{"line":65,"column":6},"end":{"line":69,"column":8}},"16":{"start":{"line":73,"column":4},"end":{"line":77,"column":6}},"17":{"start":{"line":82,"column":4},"end":{"line":82,"column":69}},"18":{"start":{"line":87,"column":4},"end":{"line":87,"column":65}},"19":{"start":{"line":92,"column":4},"end":{"line":92,"column":66}},"20":{"start":{"line":97,"column":4},"end":{"line":97,"column":71}},"21":{"start":{"line":102,"column":4},"end":{"line":102,"column":76}},"22":{"start":{"line":107,"column":4},"end":{"line":107,"column":66}},"23":{"start":{"line":112,"column":4},"end":{"line":112,"column":66}},"24":{"start":{"line":117,"column":4},"end":{"line":117,"column":68}},"25":{"start":{"line":122,"column":4},"end":{"line":122,"column":68}},"26":{"start":{"line":127,"column":4},"end":{"line":127,"column":65}},"27":{"start":{"line":132,"column":23},"end":{"line":132,"column":79}},"28":{"start":{"line":133,"column":4},"end":{"line":133,"column":30}},"29":{"start":{"line":138,"column":23},"end":{"line":138,"column":79}},"30":{"start":{"line":139,"column":4},"end":{"line":139,"column":30}},"31":{"start":{"line":144,"column":23},"end":{"line":144,"column":79}},"32":{"start":{"line":145,"column":4},"end":{"line":145,"column":30}},"33":{"start":{"line":150,"column":23},"end":{"line":150,"column":77}},"34":{"start":{"line":151,"column":4},"end":{"line":151,"column":30}},"35":{"start":{"line":156,"column":23},"end":{"line":156,"column":77}},"36":{"start":{"line":157,"column":4},"end":{"line":157,"column":30}},"37":{"start":{"line":162,"column":4},"end":{"line":168,"column":6}},"38":{"start":{"line":173,"column":23},"end":{"line":173,"column":80}},"39":{"start":{"line":175,"column":4},"end":{"line":185,"column":5}},"40":{"start":{"line":176,"column":6},"end":{"line":184,"column":8}},"41":{"start":{"line":187,"column":4},"end":{"line":195,"column":6}},"42":{"start":{"line":200,"column":23},"end":{"line":200,"column":80}},"43":{"start":{"line":202,"column":4},"end":{"line":212,"column":5}},"44":{"start":{"line":203,"column":20},"end":{"line":203,"column":47}},"45":{"start":{"line":204,"column":6},"end":{"line":204,"column":47}},"46":{"start":{"line":205,"column":6},"end":{"line":205,"column":35}},"47":{"start":{"line":206,"column":6},"end":{"line":210,"column":8}},"48":{"start":{"line":211,"column":6},"end":{"line":211,"column":18}},"49":{"start":{"line":214,"column":4},"end":{"line":214,"column":22}},"50":{"start":{"line":219,"column":4},"end":{"line":229,"column":6}},"51":{"start":{"line":234,"column":4},"end":{"line":244,"column":6}},"52":{"start":{"line":249,"column":4},"end":{"line":255,"column":5}},"53":{"start":{"line":250,"column":6},"end":{"line":254,"column":8}},"54":{"start":{"line":257,"column":4},"end":{"line":261,"column":6}},"55":{"start":{"line":266,"column":4},"end":{"line":272,"column":5}},"56":{"start":{"line":267,"column":6},"end":{"line":271,"column":8}},"57":{"start":{"line":274,"column":4},"end":{"line":278,"column":6}},"58":{"start":{"line":283,"column":4},"end":{"line":289,"column":5}},"59":{"start":{"line":284,"column":6},"end":{"line":288,"column":8}},"60":{"start":{"line":291,"column":4},"end":{"line":295,"column":6}},"61":{"start":{"line":300,"column":4},"end":{"line":311,"column":5}},"62":{"start":{"line":301,"column":6},"end":{"line":310,"column":8}},"63":{"start":{"line":313,"column":17},"end":{"line":313,"column":33}},"64":{"start":{"line":315,"column":4},"end":{"line":324,"column":6}},"65":{"start":{"line":329,"column":4},"end":{"line":336,"column":5}},"66":{"start":{"line":331,"column":8},"end":{"line":331,"column":71}},"67":{"start":{"line":333,"column":8},"end":{"line":333,"column":24}},"68":{"start":{"line":335,"column":8},"end":{"line":335,"column":18}},"69":{"start":{"line":340,"column":0},"end":{"line":340,"column":44}}},"fnMap":{"0":{"name":"(anonymous_0)","decl":{"start":{"line":5,"column":2},"end":{"line":5,"column":3}},"loc":{"start":{"line":5,"column":55},"end":{"line":36,"column":3}},"line":5},"1":{"name":"(anonymous_1)","decl":{"start":{"line":39,"column":2},"end":{"line":39,"column":3}},"loc":{"start":{"line":39,"column":49},"end":{"line":78,"column":3}},"line":39},"2":{"name":"(anonymous_2)","decl":{"start":{"line":81,"column":2},"end":{"line":81,"column":3}},"loc":{"start":{"line":81,"column":51},"end":{"line":83,"column":3}},"line":81},"3":{"name":"(anonymous_3)","decl":{"start":{"line":86,"column":2},"end":{"line":86,"column":3}},"loc":{"start":{"line":86,"column":47},"end":{"line":88,"column":3}},"line":86},"4":{"name":"(anonymous_4)","decl":{"start":{"line":91,"column":2},"end":{"line":91,"column":3}},"loc":{"start":{"line":91,"column":48},"end":{"line":93,"column":3}},"line":91},"5":{"name":"(anonymous_5)","decl":{"start":{"line":96,"column":2},"end":{"line":96,"column":3}},"loc":{"start":{"line":96,"column":53},"end":{"line":98,"column":3}},"line":96},"6":{"name":"(anonymous_6)","decl":{"start":{"line":101,"column":2},"end":{"line":101,"column":3}},"loc":{"start":{"line":101,"column":58},"end":{"line":103,"column":3}},"line":101},"7":{"name":"(anonymous_7)","decl":{"start":{"line":106,"column":2},"end":{"line":106,"column":3}},"loc":{"start":{"line":106,"column":48},"end":{"line":108,"column":3}},"line":106},"8":{"name":"(anonymous_8)","decl":{"start":{"line":111,"column":2},"end":{"line":111,"column":3}},"loc":{"start":{"line":111,"column":48},"end":{"line":113,"column":3}},"line":111},"9":{"name":"(anonymous_9)","decl":{"start":{"line":116,"column":2},"end":{"line":116,"column":3}},"loc":{"start":{"line":116,"column":50},"end":{"line":118,"column":3}},"line":116},"10":{"name":"(anonymous_10)","decl":{"start":{"line":121,"column":2},"end":{"line":121,"column":3}},"loc":{"start":{"line":121,"column":59},"end":{"line":123,"column":3}},"line":121},"11":{"name":"(anonymous_11)","decl":{"start":{"line":126,"column":2},"end":{"line":126,"column":3}},"loc":{"start":{"line":126,"column":56},"end":{"line":128,"column":3}},"line":126},"12":{"name":"(anonymous_12)","decl":{"start":{"line":131,"column":2},"end":{"line":131,"column":3}},"loc":{"start":{"line":131,"column":39},"end":{"line":134,"column":3}},"line":131},"13":{"name":"(anonymous_13)","decl":{"start":{"line":137,"column":2},"end":{"line":137,"column":3}},"loc":{"start":{"line":137,"column":39},"end":{"line":140,"column":3}},"line":137},"14":{"name":"(anonymous_14)","decl":{"start":{"line":143,"column":2},"end":{"line":143,"column":3}},"loc":{"start":{"line":143,"column":39},"end":{"line":146,"column":3}},"line":143},"15":{"name":"(anonymous_15)","decl":{"start":{"line":149,"column":2},"end":{"line":149,"column":3}},"loc":{"start":{"line":149,"column":37},"end":{"line":152,"column":3}},"line":149},"16":{"name":"(anonymous_16)","decl":{"start":{"line":155,"column":2},"end":{"line":155,"column":3}},"loc":{"start":{"line":155,"column":37},"end":{"line":158,"column":3}},"line":155},"17":{"name":"(anonymous_17)","decl":{"start":{"line":161,"column":2},"end":{"line":161,"column":3}},"loc":{"start":{"line":161,"column":52},"end":{"line":169,"column":3}},"line":161},"18":{"name":"(anonymous_18)","decl":{"start":{"line":172,"column":2},"end":{"line":172,"column":3}},"loc":{"start":{"line":172,"column":79},"end":{"line":196,"column":3}},"line":172},"19":{"name":"(anonymous_19)","decl":{"start":{"line":199,"column":2},"end":{"line":199,"column":3}},"loc":{"start":{"line":199,"column":54},"end":{"line":215,"column":3}},"line":199},"20":{"name":"(anonymous_20)","decl":{"start":{"line":218,"column":2},"end":{"line":218,"column":3}},"loc":{"start":{"line":218,"column":76},"end":{"line":230,"column":3}},"line":218},"21":{"name":"(anonymous_21)","decl":{"start":{"line":233,"column":2},"end":{"line":233,"column":3}},"loc":{"start":{"line":233,"column":65},"end":{"line":245,"column":3}},"line":233},"22":{"name":"(anonymous_22)","decl":{"start":{"line":248,"column":2},"end":{"line":248,"column":3}},"loc":{"start":{"line":248,"column":55},"end":{"line":262,"column":3}},"line":248},"23":{"name":"(anonymous_23)","decl":{"start":{"line":265,"column":2},"end":{"line":265,"column":3}},"loc":{"start":{"line":265,"column":55},"end":{"line":279,"column":3}},"line":265},"24":{"name":"(anonymous_24)","decl":{"start":{"line":282,"column":2},"end":{"line":282,"column":3}},"loc":{"start":{"line":282,"column":63},"end":{"line":296,"column":3}},"line":282},"25":{"name":"(anonymous_25)","decl":{"start":{"line":299,"column":2},"end":{"line":299,"column":3}},"loc":{"start":{"line":299,"column":41},"end":{"line":325,"column":3}},"line":299},"26":{"name":"(anonymous_26)","decl":{"start":{"line":328,"column":2},"end":{"line":328,"column":3}},"loc":{"start":{"line":328,"column":30},"end":{"line":337,"column":3}},"line":328}},"branchMap":{"0":{"loc":{"start":{"line":6,"column":4},"end":{"line":12,"column":5}},"type":"if","locations":[{"start":{"line":6,"column":4},"end":{"line":12,"column":5}},{"start":{},"end":{}}],"line":6},"1":{"loc":{"start":{"line":17,"column":4},"end":{"line":23,"column":5}},"type":"if","locations":[{"start":{"line":17,"column":4},"end":{"line":23,"column":5}},{"start":{},"end":{}}],"line":17},"2":{"loc":{"start":{"line":26,"column":4},"end":{"line":28,"column":5}},"type":"if","locations":[{"start":{"line":26,"column":4},"end":{"line":28,"column":5}},{"start":{},"end":{}}],"line":26},"3":{"loc":{"start":{"line":41,"column":4},"end":{"line":47,"column":5}},"type":"if","locations":[{"start":{"line":41,"column":4},"end":{"line":47,"column":5}},{"start":{},"end":{}}],"line":41},"4":{"loc":{"start":{"line":41,"column":8},"end":{"line":41,"column":76}},"type":"binary-expr","locations":[{"start":{"line":41,"column":8},"end":{"line":41,"column":28}},{"start":{"line":41,"column":32},"end":{"line":41,"column":52}},{"start":{"line":41,"column":56},"end":{"line":41,"column":76}}],"line":41},"5":{"loc":{"start":{"line":55,"column":4},"end":{"line":61,"column":5}},"type":"if","locations":[{"start":{"line":55,"column":4},"end":{"line":61,"column":5}},{"start":{},"end":{}}],"line":55},"6":{"loc":{"start":{"line":64,"column":4},"end":{"line":70,"column":5}},"type":"if","locations":[{"start":{"line":64,"column":4},"end":{"line":70,"column":5}},{"start":{},"end":{}}],"line":64},"7":{"loc":{"start":{"line":64,"column":8},"end":{"line":64,"column":58}},"type":"binary-expr","locations":[{"start":{"line":64,"column":8},"end":{"line":64,"column":29}},{"start":{"line":64,"column":33},"end":{"line":64,"column":58}}],"line":64},"8":{"loc":{"start":{"line":121,"column":39},"end":{"line":121,"column":57}},"type":"default-arg","locations":[{"start":{"line":121,"column":51},"end":{"line":121,"column":57}}],"line":121},"9":{"loc":{"start":{"line":126,"column":36},"end":{"line":126,"column":54}},"type":"default-arg","locations":[{"start":{"line":126,"column":48},"end":{"line":126,"column":54}}],"line":126},"10":{"loc":{"start":{"line":172,"column":62},"end":{"line":172,"column":77}},"type":"default-arg","locations":[{"start":{"line":172,"column":76},"end":{"line":172,"column":77}}],"line":172},"11":{"loc":{"start":{"line":175,"column":4},"end":{"line":185,"column":5}},"type":"if","locations":[{"start":{"line":175,"column":4},"end":{"line":185,"column":5}},{"start":{},"end":{}}],"line":175},"12":{"loc":{"start":{"line":202,"column":4},"end":{"line":212,"column":5}},"type":"if","locations":[{"start":{"line":202,"column":4},"end":{"line":212,"column":5}},{"start":{},"end":{}}],"line":202},"13":{"loc":{"start":{"line":209,"column":18},"end":{"line":209,"column":48}},"type":"binary-expr","locations":[{"start":{"line":209,"column":18},"end":{"line":209,"column":35}},{"start":{"line":209,"column":39},"end":{"line":209,"column":48}}],"line":209},"14":{"loc":{"start":{"line":218,"column":54},"end":{"line":218,"column":74}},"type":"default-arg","locations":[{"start":{"line":218,"column":65},"end":{"line":218,"column":74}}],"line":218},"15":{"loc":{"start":{"line":248,"column":34},"end":{"line":248,"column":53}},"type":"default-arg","locations":[{"start":{"line":248,"column":46},"end":{"line":248,"column":53}}],"line":248},"16":{"loc":{"start":{"line":249,"column":4},"end":{"line":255,"column":5}},"type":"if","locations":[{"start":{"line":249,"column":4},"end":{"line":255,"column":5}},{"start":{},"end":{}}],"line":249},"17":{"loc":{"start":{"line":265,"column":35},"end":{"line":265,"column":53}},"type":"default-arg","locations":[{"start":{"line":265,"column":47},"end":{"line":265,"column":53}}],"line":265},"18":{"loc":{"start":{"line":266,"column":4},"end":{"line":272,"column":5}},"type":"if","locations":[{"start":{"line":266,"column":4},"end":{"line":272,"column":5}},{"start":{},"end":{}}],"line":266},"19":{"loc":{"start":{"line":282,"column":41},"end":{"line":282,"column":61}},"type":"default-arg","locations":[{"start":{"line":282,"column":53},"end":{"line":282,"column":61}}],"line":282},"20":{"loc":{"start":{"line":283,"column":4},"end":{"line":289,"column":5}},"type":"if","locations":[{"start":{"line":283,"column":4},"end":{"line":289,"column":5}},{"start":{},"end":{}}],"line":283},"21":{"loc":{"start":{"line":300,"column":4},"end":{"line":311,"column":5}},"type":"if","locations":[{"start":{"line":300,"column":4},"end":{"line":311,"column":5}},{"start":{},"end":{}}],"line":300},"22":{"loc":{"start":{"line":329,"column":4},"end":{"line":336,"column":5}},"type":"switch","locations":[{"start":{"line":330,"column":6},"end":{"line":331,"column":71}},{"start":{"line":332,"column":6},"end":{"line":333,"column":24}},{"start":{"line":334,"column":6},"end":{"line":335,"column":18}}],"line":329}},"s":{"0":0,"1":0,"2":0,"3":0,"4":0,"5":0,"6":0,"7":0,"8":0,"9":0,"10":0,"11":0,"12":0,"13":0,"14":0,"15":0,"16":0,"17":0,"18":0,"19":0,"20":0,"21":0,"22":0,"23":0,"24":0,"25":0,"26":0,"27":0,"28":0,"29":0,"30":0,"31":0,"32":0,"33":0,"34":0,"35":0,"36":0,"37":0,"38":0,"39":0,"40":0,"41":0,"42":0,"43":0,"44":0,"45":0,"46":0,"47":0,"48":0,"49":0,"50":0,"51":0,"52":0,"53":0,"54":0,"55":0,"56":0,"57":0,"58":0,"59":0,"60":0,"61":0,"62":0,"63":0,"64":0,"65":0,"66":0,"67":0,"68":0,"69":0},"f":{"0":0,"1":0,"2":0,"3":0,"4":0,"5":0,"6":0,"7":0,"8":0,"9":0,"10":0,"11":0,"12":0,"13":0,"14":0,"15":0,"16":0,"17":0,"18":0,"19":0,"20":0,"21":0,"22":0,"23":0,"24":0,"25":0,"26":0},"b":{"0":[0,0],"1":[0,0],"2":[0,0],"3":[0,0],"4":[0,0,0],"5":[0,0],"6":[0,0],"7":[0,0],"8":[0],"9":[0],"10":[0],"11":[0,0],"12":[0,0],"13":[0,0],"14":[0],"15":[0],"16":[0,0],"17":[0],"18":[0,0],"19":[0],"20":[0,0],"21":[0,0],"22":[0,0,0]}}
,"C:\\Users\\khokh\\OneDrive\\Desktop\\ODDO\\Budget-Accounting-System-Shiv-Furniture\\backend\\services\\authService.js": {"path":"C:\\Users\\khokh\\OneDrive\\Desktop\\ODDO\\Budget-Accounting-System-Shiv-Furniture\\backend\\services\\authService.js","statementMap":{"0":{"start":{"line":5,"column":4},"end":{"line":10,"column":5}},"1":{"start":{"line":6,"column":6},"end":{"line":9,"column":8}},"2":{"start":{"line":12,"column":4},"end":{"line":37,"column":5}},"3":{"start":{"line":14,"column":19},"end":{"line":14,"column":62}},"4":{"start":{"line":16,"column":6},"end":{"line":21,"column":7}},"5":{"start":{"line":17,"column":8},"end":{"line":20,"column":10}},"6":{"start":{"line":24,"column":6},"end":{"line":31,"column":8}},"7":{"start":{"line":33,"column":6},"end":{"line":36,"column":8}},"8":{"start":{"line":43,"column":4},"end":{"line":49,"column":5}},"9":{"start":{"line":44,"column":6},"end":{"line":48,"column":8}},"10":{"start":{"line":50,"column":4},"end":{"line":50,"column":16}},"11":{"start":{"line":55,"column":4},"end":{"line":57,"column":5}},"12":{"start":{"line":56,"column":6},"end":{"line":56,"column":19}},"13":{"start":{"line":58,"column":4},"end":{"line":58,"column":45}},"14":{"start":{"line":63,"column":4},"end":{"line":63,"column":46}},"15":{"start":{"line":68,"column":4},"end":{"line":68,"column":85}},"16":{"start":{"line":74,"column":4},"end":{"line":74,"column":46}},"17":{"start":{"line":79,"column":4},"end":{"line":79,"column":65}},"18":{"start":{"line":83,"column":0},"end":{"line":83,"column":35}}},"fnMap":{"0":{"name":"(anonymous_0)","decl":{"start":{"line":3,"column":2},"end":{"line":3,"column":3}},"loc":{"start":{"line":3,"column":64},"end":{"line":38,"column":3}},"line":3},"1":{"name":"(anonymous_1)","decl":{"start":{"line":41,"column":2},"end":{"line":41,"column":3}},"loc":{"start":{"line":41,"column":26},"end":{"line":51,"column":3}},"line":41},"2":{"name":"(anonymous_2)","decl":{"start":{"line":54,"column":2},"end":{"line":54,"column":3}},"loc":{"start":{"line":54,"column":37},"end":{"line":59,"column":3}},"line":54},"3":{"name":"(anonymous_3)","decl":{"start":{"line":62,"column":2},"end":{"line":62,"column":3}},"loc":{"start":{"line":62,"column":30},"end":{"line":64,"column":3}},"line":62},"4":{"name":"(anonymous_4)","decl":{"start":{"line":67,"column":2},"end":{"line":67,"column":3}},"loc":{"start":{"line":67,"column":31},"end":{"line":69,"column":3}},"line":67},"5":{"name":"(anonymous_5)","decl":{"start":{"line":72,"column":2},"end":{"line":72,"column":3}},"loc":{"start":{"line":72,"column":37},"end":{"line":75,"column":3}},"line":72},"6":{"name":"(anonymous_6)","decl":{"start":{"line":78,"column":2},"end":{"line":78,"column":3}},"loc":{"start":{"line":78,"column":31},"end":{"line":80,"column":3}},"line":78}},"branchMap":{"0":{"loc":{"start":{"line":5,"column":4},"end":{"line":10,"column":5}},"type":"if","locations":[{"start":{"line":5,"column":4},"end":{"line":10,"column":5}},{"start":{},"end":{}}],"line":5},"1":{"loc":{"start":{"line":5,"column":8},"end":{"line":5,"column":27}},"type":"binary-expr","locations":[{"start":{"line":5,"column":8},"end":{"line":5,"column":14}},{"start":{"line":5,"column":18},"end":{"line":5,"column":27}}],"line":5},"2":{"loc":{"start":{"line":16,"column":6},"end":{"line":21,"column":7}},"type":"if","locations":[{"start":{"line":16,"column":6},"end":{"line":21,"column":7}},{"start":{},"end":{}}],"line":16},"3":{"loc":{"start":{"line":43,"column":4},"end":{"line":49,"column":5}},"type":"if","locations":[{"start":{"line":43,"column":4},"end":{"line":49,"column":5}},{"start":{},"end":{}}],"line":43},"4":{"loc":{"start":{"line":55,"column":4},"end":{"line":57,"column":5}},"type":"if","locations":[{"start":{"line":55,"column":4},"end":{"line":57,"column":5}},{"start":{},"end":{}}],"line":55},"5":{"loc":{"start":{"line":55,"column":8},"end":{"line":55,"column":41}},"type":"binary-expr","locations":[{"start":{"line":55,"column":8},"end":{"line":55,"column":20}},{"start":{"line":55,"column":24},"end":{"line":55,"column":41}}],"line":55},"6":{"loc":{"start":{"line":68,"column":11},"end":{"line":68,"column":84}},"type":"binary-expr","locations":[{"start":{"line":68,"column":11},"end":{"line":68,"column":46}},{"start":{"line":68,"column":50},"end":{"line":68,"column":84}}],"line":68},"7":{"loc":{"start":{"line":79,"column":14},"end":{"line":79,"column":63}},"type":"binary-expr","locations":[{"start":{"line":79,"column":14},"end":{"line":79,"column":25}},{"start":{"line":79,"column":29},"end":{"line":79,"column":43}},{"start":{"line":79,"column":47},"end":{"line":79,"column":63}}],"line":79}},"s":{"0":0,"1":0,"2":0,"3":0,"4":0,"5":0,"6":0,"7":0,"8":0,"9":0,"10":0,"11":0,"12":0,"13":0,"14":0,"15":0,"16":0,"17":0,"18":0},"f":{"0":0,"1":0,"2":0,"3":0,"4":0,"5":0,"6":0},"b":{"0":[0,0],"1":[0,0],"2":[0,0],"3":[0,0],"4":[0,0],"5":[0,0],"6":[0,0],"7":[0,0,0]}}
,"C:\\Users\\khokh\\OneDrive\\Desktop\\ODDO\\Budget-Accounting-System-Shiv-Furniture\\backend\\services\\autoAnalyticsService.js": {"path":"C:\\Users\\khokh\\OneDrive\\Desktop\\ODDO\\Budget-Accounting-System-Shiv-Furniture\\backend\\services\\autoAnalyticsService.js","statementMap":{"0":{"start":{"line":5,"column":4},"end":{"line":11,"column":5}},"1":{"start":{"line":6,"column":6},"end":{"line":10,"column":8}},"2":{"start":{"line":14,"column":4},"end":{"line":20,"column":5}},"3":{"start":{"line":15,"column":6},"end":{"line":19,"column":8}},"4":{"start":{"line":22,"column":4},"end":{"line":70,"column":5}},"5":{"start":{"line":24,"column":21},"end":{"line":24,"column":52}},"6":{"start":{"line":25,"column":30},"end":{"line":25,"column":81}},"7":{"start":{"line":25,"column":53},"end":{"line":25,"column":80}},"8":{"start":{"line":27,"column":6},"end":{"line":33,"column":7}},"9":{"start":{"line":28,"column":8},"end":{"line":32,"column":10}},"10":{"start":{"line":36,"column":36},"end":{"line":36,"column":82}},"11":{"start":{"line":39,"column":29},"end":{"line":39,"column":92}},"12":{"start":{"line":41,"column":6},"end":{"line":47,"column":7}},"13":{"start":{"line":42,"column":8},"end":{"line":46,"column":10}},"14":{"start":{"line":50,"column":28},"end":{"line":50,"column":95}},"15":{"start":{"line":52,"column":6},"end":{"line":62,"column":8}},"16":{"start":{"line":64,"column":6},"end":{"line":69,"column":8}},"17":{"start":{"line":75,"column":4},"end":{"line":80,"column":6}},"18":{"start":{"line":85,"column":4},"end":{"line":85,"column":83}},"19":{"start":{"line":85,"column":34},"end":{"line":85,"column":81}},"20":{"start":{"line":91,"column":24},"end":{"line":91,"column":93}},"21":{"start":{"line":93,"column":4},"end":{"line":105,"column":7}},"22":{"start":{"line":94,"column":25},"end":{"line":94,"column":37}},"23":{"start":{"line":95,"column":31},"end":{"line":95,"column":59}},"24":{"start":{"line":98,"column":6},"end":{"line":98,"column":36}},"25":{"start":{"line":98,"column":23},"end":{"line":98,"column":36}},"26":{"start":{"line":101,"column":6},"end":{"line":101,"column":42}},"27":{"start":{"line":101,"column":29},"end":{"line":101,"column":42}},"28":{"start":{"line":104,"column":6},"end":{"line":104,"column":45}},"29":{"start":{"line":111,"column":25},"end":{"line":115,"column":7}},"30":{"start":{"line":111,"column":54},"end":{"line":115,"column":5}},"31":{"start":{"line":118,"column":4},"end":{"line":127,"column":7}},"32":{"start":{"line":119,"column":6},"end":{"line":121,"column":7}},"33":{"start":{"line":120,"column":8},"end":{"line":120,"column":33}},"34":{"start":{"line":124,"column":20},"end":{"line":124,"column":74}},"35":{"start":{"line":125,"column":20},"end":{"line":125,"column":74}},"36":{"start":{"line":126,"column":6},"end":{"line":126,"column":27}},"37":{"start":{"line":129,"column":4},"end":{"line":129,"column":33}},"38":{"start":{"line":134,"column":24},"end":{"line":134,"column":93}},"39":{"start":{"line":135,"column":16},"end":{"line":135,"column":17}},"40":{"start":{"line":137,"column":4},"end":{"line":144,"column":7}},"41":{"start":{"line":138,"column":25},"end":{"line":138,"column":37}},"42":{"start":{"line":139,"column":31},"end":{"line":139,"column":59}},"43":{"start":{"line":141,"column":6},"end":{"line":143,"column":7}},"44":{"start":{"line":142,"column":8},"end":{"line":142,"column":16}},"45":{"start":{"line":146,"column":4},"end":{"line":146,"column":17}},"46":{"start":{"line":151,"column":24},"end":{"line":151,"column":93}},"47":{"start":{"line":152,"column":20},"end":{"line":152,"column":22}},"48":{"start":{"line":154,"column":4},"end":{"line":161,"column":7}},"49":{"start":{"line":155,"column":25},"end":{"line":155,"column":37}},"50":{"start":{"line":156,"column":31},"end":{"line":156,"column":59}},"51":{"start":{"line":158,"column":6},"end":{"line":160,"column":7}},"52":{"start":{"line":159,"column":8},"end":{"line":159,"column":28}},"53":{"start":{"line":163,"column":4},"end":{"line":163,"column":19}},"54":{"start":{"line":168,"column":19},"end":{"line":168,"column":21}},"55":{"start":{"line":171,"column":4},"end":{"line":173,"column":5}},"56":{"start":{"line":172,"column":6},"end":{"line":172,"column":66}},"57":{"start":{"line":176,"column":24},"end":{"line":176,"column":59}},"58":{"start":{"line":177,"column":4},"end":{"line":179,"column":5}},"59":{"start":{"line":178,"column":6},"end":{"line":178,"column":71}},"60":{"start":{"line":182,"column":24},"end":{"line":182,"column":93}},"61":{"start":{"line":183,"column":26},"end":{"line":183,"column":69}},"62":{"start":{"line":183,"column":52},"end":{"line":183,"column":68}},"63":{"start":{"line":185,"column":4},"end":{"line":187,"column":5}},"64":{"start":{"line":186,"column":6},"end":{"line":186,"column":129}},"65":{"start":{"line":189,"column":4},"end":{"line":192,"column":6}},"66":{"start":{"line":197,"column":24},"end":{"line":197,"column":93}},"67":{"start":{"line":198,"column":28},"end":{"line":198,"column":69}},"68":{"start":{"line":198,"column":56},"end":{"line":198,"column":68}},"69":{"start":{"line":200,"column":18},"end":{"line":200,"column":40}},"70":{"start":{"line":202,"column":4},"end":{"line":202,"column":38}},"71":{"start":{"line":202,"column":21},"end":{"line":202,"column":38}},"72":{"start":{"line":203,"column":4},"end":{"line":203,"column":39}},"73":{"start":{"line":203,"column":21},"end":{"line":203,"column":39}},"74":{"start":{"line":204,"column":4},"end":{"line":204,"column":39}},"75":{"start":{"line":204,"column":21},"end":{"line":204,"column":39}},"76":{"start":{"line":205,"column":4},"end":{"line":205,"column":46}},"77":{"start":{"line":205,"column":21},"end":{"line":205,"column":46}},"78":{"start":{"line":207,"column":4},"end":{"line":207,"column":18}},"79":{"start":{"line":212,"column":19},"end":{"line":212,"column":86}},"80":{"start":{"line":214,"column":4},"end":{"line":219,"column":6}},"81":{"start":{"line":224,"column":4},"end":{"line":253,"column":5}},"82":{"start":{"line":225,"column":21},"end":{"line":225,"column":52}},"83":{"start":{"line":226,"column":30},"end":{"line":226,"column":81}},"84":{"start":{"line":226,"column":53},"end":{"line":226,"column":80}},"85":{"start":{"line":227,"column":36},"end":{"line":227,"column":82}},"86":{"start":{"line":229,"column":29},"end":{"line":229,"column":92}},"87":{"start":{"line":231,"column":26},"end":{"line":237,"column":9}},"88":{"start":{"line":231,"column":55},"end":{"line":237,"column":7}},"89":{"start":{"line":240,"column":6},"end":{"line":240,"column":62}},"90":{"start":{"line":240,"column":33},"end":{"line":240,"column":60}},"91":{"start":{"line":242,"column":6},"end":{"line":246,"column":8}},"92":{"start":{"line":248,"column":6},"end":{"line":252,"column":8}},"93":{"start":{"line":258,"column":20},"end":{"line":258,"column":22}},"94":{"start":{"line":260,"column":4},"end":{"line":266,"column":5}},"95":{"start":{"line":261,"column":21},"end":{"line":261,"column":88}},"96":{"start":{"line":262,"column":6},"end":{"line":265,"column":9}},"97":{"start":{"line":268,"column":20},"end":{"line":273,"column":5}},"98":{"start":{"line":270,"column":35},"end":{"line":270,"column":44}},"99":{"start":{"line":271,"column":35},"end":{"line":271,"column":45}},"100":{"start":{"line":272,"column":34},"end":{"line":272,"column":44}},"101":{"start":{"line":275,"column":4},"end":{"line":279,"column":6}},"102":{"start":{"line":284,"column":4},"end":{"line":334,"column":5}},"103":{"start":{"line":285,"column":21},"end":{"line":285,"column":52}},"104":{"start":{"line":286,"column":30},"end":{"line":286,"column":81}},"105":{"start":{"line":286,"column":53},"end":{"line":286,"column":80}},"106":{"start":{"line":288,"column":32},"end":{"line":288,"column":33}},"107":{"start":{"line":289,"column":34},"end":{"line":289,"column":35}},"108":{"start":{"line":290,"column":30},"end":{"line":290,"column":32}},"109":{"start":{"line":292,"column":6},"end":{"line":313,"column":7}},"110":{"start":{"line":293,"column":38},"end":{"line":293,"column":84}},"111":{"start":{"line":294,"column":31},"end":{"line":294,"column":94}},"112":{"start":{"line":296,"column":8},"end":{"line":312,"column":9}},"113":{"start":{"line":297,"column":10},"end":{"line":297,"column":32}},"114":{"start":{"line":298,"column":28},"end":{"line":298,"column":95}},"115":{"start":{"line":299,"column":10},"end":{"line":304,"column":13}},"116":{"start":{"line":306,"column":10},"end":{"line":306,"column":34}},"117":{"start":{"line":307,"column":10},"end":{"line":311,"column":13}},"118":{"start":{"line":315,"column":33},"end":{"line":317,"column":11}},"119":{"start":{"line":319,"column":6},"end":{"line":328,"column":8}},"120":{"start":{"line":330,"column":6},"end":{"line":333,"column":8}},"121":{"start":{"line":338,"column":0},"end":{"line":338,"column":44}}},"fnMap":{"0":{"name":"(anonymous_0)","decl":{"start":{"line":3,"column":2},"end":{"line":3,"column":3}},"loc":{"start":{"line":3,"column":65},"end":{"line":71,"column":3}},"line":3},"1":{"name":"(anonymous_1)","decl":{"start":{"line":25,"column":44},"end":{"line":25,"column":45}},"loc":{"start":{"line":25,"column":53},"end":{"line":25,"column":80}},"line":25},"2":{"name":"(anonymous_2)","decl":{"start":{"line":74,"column":2},"end":{"line":74,"column":3}},"loc":{"start":{"line":74,"column":44},"end":{"line":81,"column":3}},"line":74},"3":{"name":"(anonymous_3)","decl":{"start":{"line":84,"column":2},"end":{"line":84,"column":3}},"loc":{"start":{"line":84,"column":52},"end":{"line":86,"column":3}},"line":84},"4":{"name":"(anonymous_4)","decl":{"start":{"line":85,"column":25},"end":{"line":85,"column":26}},"loc":{"start":{"line":85,"column":34},"end":{"line":85,"column":81}},"line":85},"5":{"name":"(anonymous_5)","decl":{"start":{"line":89,"column":2},"end":{"line":89,"column":3}},"loc":{"start":{"line":89,"column":45},"end":{"line":106,"column":3}},"line":89},"6":{"name":"(anonymous_6)","decl":{"start":{"line":93,"column":28},"end":{"line":93,"column":29}},"loc":{"start":{"line":93,"column":37},"end":{"line":105,"column":5}},"line":93},"7":{"name":"(anonymous_7)","decl":{"start":{"line":109,"column":2},"end":{"line":109,"column":3}},"loc":{"start":{"line":109,"column":65},"end":{"line":130,"column":3}},"line":109},"8":{"name":"(anonymous_8)","decl":{"start":{"line":111,"column":44},"end":{"line":111,"column":45}},"loc":{"start":{"line":111,"column":54},"end":{"line":115,"column":5}},"line":111},"9":{"name":"(anonymous_9)","decl":{"start":{"line":118,"column":22},"end":{"line":118,"column":23}},"loc":{"start":{"line":118,"column":32},"end":{"line":127,"column":5}},"line":118},"10":{"name":"(anonymous_10)","decl":{"start":{"line":133,"column":2},"end":{"line":133,"column":3}},"loc":{"start":{"line":133,"column":52},"end":{"line":147,"column":3}},"line":133},"11":{"name":"(anonymous_11)","decl":{"start":{"line":137,"column":24},"end":{"line":137,"column":25}},"loc":{"start":{"line":137,"column":33},"end":{"line":144,"column":5}},"line":137},"12":{"name":"(anonymous_12)","decl":{"start":{"line":150,"column":2},"end":{"line":150,"column":3}},"loc":{"start":{"line":150,"column":49},"end":{"line":164,"column":3}},"line":150},"13":{"name":"(anonymous_13)","decl":{"start":{"line":154,"column":24},"end":{"line":154,"column":25}},"loc":{"start":{"line":154,"column":33},"end":{"line":161,"column":5}},"line":154},"14":{"name":"(anonymous_14)","decl":{"start":{"line":167,"column":2},"end":{"line":167,"column":3}},"loc":{"start":{"line":167,"column":41},"end":{"line":193,"column":3}},"line":167},"15":{"name":"(anonymous_15)","decl":{"start":{"line":183,"column":43},"end":{"line":183,"column":44}},"loc":{"start":{"line":183,"column":52},"end":{"line":183,"column":68}},"line":183},"16":{"name":"(anonymous_16)","decl":{"start":{"line":196,"column":2},"end":{"line":196,"column":3}},"loc":{"start":{"line":196,"column":34},"end":{"line":208,"column":3}},"line":196},"17":{"name":"(anonymous_17)","decl":{"start":{"line":198,"column":47},"end":{"line":198,"column":48}},"loc":{"start":{"line":198,"column":56},"end":{"line":198,"column":68}},"line":198},"18":{"name":"(anonymous_18)","decl":{"start":{"line":211,"column":2},"end":{"line":211,"column":3}},"loc":{"start":{"line":211,"column":68},"end":{"line":220,"column":3}},"line":211},"19":{"name":"(anonymous_19)","decl":{"start":{"line":223,"column":2},"end":{"line":223,"column":3}},"loc":{"start":{"line":223,"column":70},"end":{"line":254,"column":3}},"line":223},"20":{"name":"(anonymous_20)","decl":{"start":{"line":226,"column":44},"end":{"line":226,"column":45}},"loc":{"start":{"line":226,"column":53},"end":{"line":226,"column":80}},"line":226},"21":{"name":"(anonymous_21)","decl":{"start":{"line":231,"column":45},"end":{"line":231,"column":46}},"loc":{"start":{"line":231,"column":55},"end":{"line":237,"column":7}},"line":231},"22":{"name":"(anonymous_22)","decl":{"start":{"line":240,"column":23},"end":{"line":240,"column":24}},"loc":{"start":{"line":240,"column":33},"end":{"line":240,"column":60}},"line":240},"23":{"name":"(anonymous_23)","decl":{"start":{"line":257,"column":2},"end":{"line":257,"column":3}},"loc":{"start":{"line":257,"column":70},"end":{"line":280,"column":3}},"line":257},"24":{"name":"(anonymous_24)","decl":{"start":{"line":270,"column":30},"end":{"line":270,"column":31}},"loc":{"start":{"line":270,"column":35},"end":{"line":270,"column":44}},"line":270},"25":{"name":"(anonymous_25)","decl":{"start":{"line":271,"column":30},"end":{"line":271,"column":31}},"loc":{"start":{"line":271,"column":35},"end":{"line":271,"column":45}},"line":271},"26":{"name":"(anonymous_26)","decl":{"start":{"line":272,"column":29},"end":{"line":272,"column":30}},"loc":{"start":{"line":272,"column":34},"end":{"line":272,"column":44}},"line":272},"27":{"name":"(anonymous_27)","decl":{"start":{"line":283,"column":2},"end":{"line":283,"column":3}},"loc":{"start":{"line":283,"column":74},"end":{"line":335,"column":3}},"line":283},"28":{"name":"(anonymous_28)","decl":{"start":{"line":286,"column":44},"end":{"line":286,"column":45}},"loc":{"start":{"line":286,"column":53},"end":{"line":286,"column":80}},"line":286}},"branchMap":{"0":{"loc":{"start":{"line":5,"column":4},"end":{"line":11,"column":5}},"type":"if","locations":[{"start":{"line":5,"column":4},"end":{"line":11,"column":5}},{"start":{},"end":{}}],"line":5},"1":{"loc":{"start":{"line":14,"column":4},"end":{"line":20,"column":5}},"type":"if","locations":[{"start":{"line":14,"column":4},"end":{"line":20,"column":5}},{"start":{},"end":{}}],"line":14},"2":{"loc":{"start":{"line":27,"column":6},"end":{"line":33,"column":7}},"type":"if","locations":[{"start":{"line":27,"column":6},"end":{"line":33,"column":7}},{"start":{},"end":{}}],"line":27},"3":{"loc":{"start":{"line":41,"column":6},"end":{"line":47,"column":7}},"type":"if","locations":[{"start":{"line":41,"column":6},"end":{"line":47,"column":7}},{"start":{},"end":{}}],"line":41},"4":{"loc":{"start":{"line":76,"column":18},"end":{"line":76,"column":73}},"type":"binary-expr","locations":[{"start":{"line":76,"column":18},"end":{"line":76,"column":39}},{"start":{"line":76,"column":43},"end":{"line":76,"column":65}},{"start":{"line":76,"column":69},"end":{"line":76,"column":73}}],"line":76},"5":{"loc":{"start":{"line":77,"column":22},"end":{"line":77,"column":54}},"type":"binary-expr","locations":[{"start":{"line":77,"column":22},"end":{"line":77,"column":46}},{"start":{"line":77,"column":50},"end":{"line":77,"column":54}}],"line":77},"6":{"loc":{"start":{"line":78,"column":18},"end":{"line":78,"column":47}},"type":"binary-expr","locations":[{"start":{"line":78,"column":18},"end":{"line":78,"column":39}},{"start":{"line":78,"column":43},"end":{"line":78,"column":47}}],"line":78},"7":{"loc":{"start":{"line":79,"column":27},"end":{"line":79,"column":64}},"type":"binary-expr","locations":[{"start":{"line":79,"column":27},"end":{"line":79,"column":56}},{"start":{"line":79,"column":60},"end":{"line":79,"column":64}}],"line":79},"8":{"loc":{"start":{"line":98,"column":6},"end":{"line":98,"column":36}},"type":"if","locations":[{"start":{"line":98,"column":6},"end":{"line":98,"column":36}},{"start":{},"end":{}}],"line":98},"9":{"loc":{"start":{"line":101,"column":6},"end":{"line":101,"column":42}},"type":"if","locations":[{"start":{"line":101,"column":6},"end":{"line":101,"column":42}},{"start":{},"end":{}}],"line":101},"10":{"loc":{"start":{"line":119,"column":6},"end":{"line":121,"column":7}},"type":"if","locations":[{"start":{"line":119,"column":6},"end":{"line":121,"column":7}},{"start":{},"end":{}}],"line":119},"11":{"loc":{"start":{"line":124,"column":29},"end":{"line":124,"column":73}},"type":"binary-expr","locations":[{"start":{"line":124,"column":29},"end":{"line":124,"column":46}},{"start":{"line":124,"column":50},"end":{"line":124,"column":68}},{"start":{"line":124,"column":72},"end":{"line":124,"column":73}}],"line":124},"12":{"loc":{"start":{"line":125,"column":29},"end":{"line":125,"column":73}},"type":"binary-expr","locations":[{"start":{"line":125,"column":29},"end":{"line":125,"column":46}},{"start":{"line":125,"column":50},"end":{"line":125,"column":68}},{"start":{"line":125,"column":72},"end":{"line":125,"column":73}}],"line":125},"13":{"loc":{"start":{"line":141,"column":6},"end":{"line":143,"column":7}},"type":"if","locations":[{"start":{"line":141,"column":6},"end":{"line":143,"column":7}},{"start":{},"end":{}}],"line":141},"14":{"loc":{"start":{"line":141,"column":10},"end":{"line":141,"column":75}},"type":"binary-expr","locations":[{"start":{"line":141,"column":10},"end":{"line":141,"column":20}},{"start":{"line":141,"column":24},"end":{"line":141,"column":40}},{"start":{"line":141,"column":44},"end":{"line":141,"column":75}}],"line":141},"15":{"loc":{"start":{"line":158,"column":6},"end":{"line":160,"column":7}},"type":"if","locations":[{"start":{"line":158,"column":6},"end":{"line":160,"column":7}},{"start":{},"end":{}}],"line":158},"16":{"loc":{"start":{"line":158,"column":10},"end":{"line":158,"column":75}},"type":"binary-expr","locations":[{"start":{"line":158,"column":10},"end":{"line":158,"column":20}},{"start":{"line":158,"column":24},"end":{"line":158,"column":40}},{"start":{"line":158,"column":44},"end":{"line":158,"column":75}}],"line":158},"17":{"loc":{"start":{"line":171,"column":4},"end":{"line":173,"column":5}},"type":"if","locations":[{"start":{"line":171,"column":4},"end":{"line":173,"column":5}},{"start":{},"end":{}}],"line":171},"18":{"loc":{"start":{"line":177,"column":4},"end":{"line":179,"column":5}},"type":"if","locations":[{"start":{"line":177,"column":4},"end":{"line":179,"column":5}},{"start":{},"end":{}}],"line":177},"19":{"loc":{"start":{"line":177,"column":8},"end":{"line":177,"column":66}},"type":"binary-expr","locations":[{"start":{"line":177,"column":8},"end":{"line":177,"column":24}},{"start":{"line":177,"column":28},"end":{"line":177,"column":66}}],"line":177},"20":{"loc":{"start":{"line":185,"column":4},"end":{"line":187,"column":5}},"type":"if","locations":[{"start":{"line":185,"column":4},"end":{"line":187,"column":5}},{"start":{},"end":{}}],"line":185},"21":{"loc":{"start":{"line":202,"column":4},"end":{"line":202,"column":38}},"type":"if","locations":[{"start":{"line":202,"column":4},"end":{"line":202,"column":38}},{"start":{},"end":{}}],"line":202},"22":{"loc":{"start":{"line":203,"column":4},"end":{"line":203,"column":39}},"type":"if","locations":[{"start":{"line":203,"column":4},"end":{"line":203,"column":39}},{"start":{},"end":{}}],"line":203},"23":{"loc":{"start":{"line":204,"column":4},"end":{"line":204,"column":39}},"type":"if","locations":[{"start":{"line":204,"column":4},"end":{"line":204,"column":39}},{"start":{},"end":{}}],"line":204},"24":{"loc":{"start":{"line":205,"column":4},"end":{"line":205,"column":46}},"type":"if","locations":[{"start":{"line":205,"column":4},"end":{"line":205,"column":46}},{"start":{},"end":{}}],"line":205},"25":{"loc":{"start":{"line":245,"column":30},"end":{"line":245,"column":95}},"type":"cond-expr","locations":[{"start":{"line":245,"column":55},"end":{"line":245,"column":88}},{"start":{"line":245,"column":91},"end":{"line":245,"column":95}}],"line":245},"26":{"loc":{"start":{"line":296,"column":8},"end":{"line":312,"column":9}},"type":"if","locations":[{"start":{"line":296,"column":8},"end":{"line":312,"column":9}},{"start":{"line":305,"column":15},"end":{"line":312,"column":9}}],"line":296},"27":{"loc":{"start":{"line":315,"column":33},"end":{"line":317,"column":11}},"type":"cond-expr","locations":[{"start":{"line":316,"column":10},"end":{"line":316,"column":83}},{"start":{"line":317,"column":10},"end":{"line":317,"column":11}}],"line":315}},"s":{"0":0,"1":0,"2":0,"3":0,"4":0,"5":0,"6":0,"7":0,"8":0,"9":0,"10":0,"11":0,"12":0,"13":0,"14":0,"15":0,"16":0,"17":0,"18":0,"19":0,"20":0,"21":0,"22":0,"23":0,"24":0,"25":0,"26":0,"27":0,"28":0,"29":0,"30":0,"31":0,"32":0,"33":0,"34":0,"35":0,"36":0,"37":0,"38":0,"39":0,"40":0,"41":0,"42":0,"43":0,"44":0,"45":0,"46":0,"47":0,"48":0,"49":0,"50":0,"51":0,"52":0,"53":0,"54":0,"55":0,"56":0,"57":0,"58":0,"59":0,"60":0,"61":0,"62":0,"63":0,"64":0,"65":0,"66":0,"67":0,"68":0,"69":0,"70":0,"71":0,"72":0,"73":0,"74":0,"75":0,"76":0,"77":0,"78":0,"79":0,"80":0,"81":0,"82":0,"83":0,"84":0,"85":0,"86":0,"87":0,"88":0,"89":0,"90":0,"91":0,"92":0,"93":0,"94":0,"95":0,"96":0,"97":0,"98":0,"99":0,"100":0,"101":0,"102":0,"103":0,"104":0,"105":0,"106":0,"107":0,"108":0,"109":0,"110":0,"111":0,"112":0,"113":0,"114":0,"115":0,"116":0,"117":0,"118":0,"119":0,"120":0,"121":0},"f":{"0":0,"1":0,"2":0,"3":0,"4":0,"5":0,"6":0,"7":0,"8":0,"9":0,"10":0,"11":0,"12":0,"13":0,"14":0,"15":0,"16":0,"17":0,"18":0,"19":0,"20":0,"21":0,"22":0,"23":0,"24":0,"25":0,"26":0,"27":0,"28":0},"b":{"0":[0,0],"1":[0,0],"2":[0,0],"3":[0,0],"4":[0,0,0],"5":[0,0],"6":[0,0],"7":[0,0],"8":[0,0],"9":[0,0],"10":[0,0],"11":[0,0,0],"12":[0,0,0],"13":[0,0],"14":[0,0,0],"15":[0,0],"16":[0,0,0],"17":[0,0],"18":[0,0],"19":[0,0],"20":[0,0],"21":[0,0],"22":[0,0],"23":[0,0],"24":[0,0],"25":[0,0],"26":[0,0],"27":[0,0]}}
,"C:\\Users\\khokh\\OneDrive\\Desktop\\ODDO\\Budget-Accounting-System-Shiv-Furniture\\backend\\services\\budgetAnalysisService.js": {"path":"C:\\Users\\khokh\\OneDrive\\Desktop\\ODDO\\Budget-Accounting-System-Shiv-Furniture\\backend\\services\\budgetAnalysisService.js","statementMap":{"0":{"start":{"line":4,"column":4},"end":{"line":9,"column":5}},"1":{"start":{"line":5,"column":6},"end":{"line":8,"column":8}},"2":{"start":{"line":11,"column":4},"end":{"line":16,"column":5}},"3":{"start":{"line":12,"column":6},"end":{"line":15,"column":8}},"4":{"start":{"line":18,"column":4},"end":{"line":57,"column":5}},"5":{"start":{"line":20,"column":28},"end":{"line":24,"column":7}},"6":{"start":{"line":27,"column":27},"end":{"line":27,"column":68}},"7":{"start":{"line":30,"column":30},"end":{"line":30,"column":65}},"8":{"start":{"line":33,"column":36},"end":{"line":33,"column":107}},"9":{"start":{"line":35,"column":6},"end":{"line":51,"column":8}},"10":{"start":{"line":53,"column":6},"end":{"line":56,"column":8}},"11":{"start":{"line":62,"column":4},"end":{"line":64,"column":5}},"12":{"start":{"line":63,"column":6},"end":{"line":63,"column":15}},"13":{"start":{"line":66,"column":4},"end":{"line":68,"column":66}},"14":{"start":{"line":67,"column":24},"end":{"line":67,"column":50}},"15":{"start":{"line":68,"column":33},"end":{"line":68,"column":61}},"16":{"start":{"line":73,"column":4},"end":{"line":75,"column":5}},"17":{"start":{"line":74,"column":6},"end":{"line":74,"column":15}},"18":{"start":{"line":77,"column":4},"end":{"line":77,"column":72}},"19":{"start":{"line":82,"column":4},"end":{"line":87,"column":5}},"20":{"start":{"line":83,"column":6},"end":{"line":86,"column":8}},"21":{"start":{"line":89,"column":4},"end":{"line":113,"column":5}},"22":{"start":{"line":90,"column":22},"end":{"line":90,"column":24}},"23":{"start":{"line":92,"column":6},"end":{"line":102,"column":7}},"24":{"start":{"line":93,"column":8},"end":{"line":101,"column":9}},"25":{"start":{"line":94,"column":25},"end":{"line":94,"column":94}},"26":{"start":{"line":95,"column":10},"end":{"line":97,"column":11}},"27":{"start":{"line":96,"column":12},"end":{"line":96,"column":38}},"28":{"start":{"line":100,"column":10},"end":{"line":100,"column":19}},"29":{"start":{"line":104,"column":6},"end":{"line":107,"column":8}},"30":{"start":{"line":109,"column":6},"end":{"line":112,"column":8}},"31":{"start":{"line":118,"column":4},"end":{"line":123,"column":5}},"32":{"start":{"line":119,"column":6},"end":{"line":122,"column":8}},"33":{"start":{"line":125,"column":4},"end":{"line":182,"column":5}},"34":{"start":{"line":127,"column":32},"end":{"line":127,"column":94}},"35":{"start":{"line":127,"column":57},"end":{"line":127,"column":93}},"36":{"start":{"line":129,"column":6},"end":{"line":142,"column":7}},"37":{"start":{"line":130,"column":8},"end":{"line":141,"column":10}},"38":{"start":{"line":145,"column":31},"end":{"line":145,"column":32}},"39":{"start":{"line":146,"column":30},"end":{"line":146,"column":31}},"40":{"start":{"line":147,"column":28},"end":{"line":147,"column":30}},"41":{"start":{"line":149,"column":6},"end":{"line":159,"column":7}},"42":{"start":{"line":150,"column":23},"end":{"line":152,"column":10}},"43":{"start":{"line":151,"column":10},"end":{"line":151,"column":87}},"44":{"start":{"line":154,"column":8},"end":{"line":158,"column":9}},"45":{"start":{"line":155,"column":10},"end":{"line":155,"column":58}},"46":{"start":{"line":156,"column":10},"end":{"line":156,"column":56}},"47":{"start":{"line":157,"column":10},"end":{"line":157,"column":42}},"48":{"start":{"line":161,"column":35},"end":{"line":161,"column":73}},"49":{"start":{"line":162,"column":43},"end":{"line":162,"column":117}},"50":{"start":{"line":164,"column":6},"end":{"line":176,"column":8}},"51":{"start":{"line":178,"column":6},"end":{"line":181,"column":8}},"52":{"start":{"line":188,"column":4},"end":{"line":190,"column":5}},"53":{"start":{"line":189,"column":6},"end":{"line":189,"column":19}},"54":{"start":{"line":193,"column":4},"end":{"line":195,"column":5}},"55":{"start":{"line":194,"column":6},"end":{"line":194,"column":19}},"56":{"start":{"line":198,"column":23},"end":{"line":198,"column":107}},"57":{"start":{"line":199,"column":24},"end":{"line":199,"column":50}},"58":{"start":{"line":200,"column":22},"end":{"line":200,"column":46}},"59":{"start":{"line":202,"column":4},"end":{"line":202,"column":64}},"60":{"start":{"line":207,"column":4},"end":{"line":209,"column":5}},"61":{"start":{"line":208,"column":6},"end":{"line":208,"column":25}},"62":{"start":{"line":211,"column":34},"end":{"line":211,"column":98}},"63":{"start":{"line":213,"column":4},"end":{"line":223,"column":5}},"64":{"start":{"line":214,"column":6},"end":{"line":214,"column":27}},"65":{"start":{"line":215,"column":11},"end":{"line":223,"column":5}},"66":{"start":{"line":216,"column":6},"end":{"line":216,"column":30}},"67":{"start":{"line":217,"column":11},"end":{"line":223,"column":5}},"68":{"start":{"line":218,"column":6},"end":{"line":218,"column":24}},"69":{"start":{"line":219,"column":11},"end":{"line":223,"column":5}},"70":{"start":{"line":220,"column":6},"end":{"line":220,"column":26}},"71":{"start":{"line":222,"column":6},"end":{"line":222,"column":27}},"72":{"start":{"line":228,"column":4},"end":{"line":230,"column":5}},"73":{"start":{"line":229,"column":6},"end":{"line":229,"column":18}},"74":{"start":{"line":232,"column":4},"end":{"line":239,"column":6}},"75":{"start":{"line":244,"column":4},"end":{"line":247,"column":22}},"76":{"start":{"line":251,"column":0},"end":{"line":251,"column":45}}},"fnMap":{"0":{"name":"(anonymous_0)","decl":{"start":{"line":3,"column":2},"end":{"line":3,"column":3}},"loc":{"start":{"line":3,"column":67},"end":{"line":58,"column":3}},"line":3},"1":{"name":"(anonymous_1)","decl":{"start":{"line":61,"column":2},"end":{"line":61,"column":3}},"loc":{"start":{"line":61,"column":39},"end":{"line":69,"column":3}},"line":61},"2":{"name":"(anonymous_2)","decl":{"start":{"line":67,"column":14},"end":{"line":67,"column":15}},"loc":{"start":{"line":67,"column":24},"end":{"line":67,"column":50}},"line":67},"3":{"name":"(anonymous_3)","decl":{"start":{"line":68,"column":14},"end":{"line":68,"column":15}},"loc":{"start":{"line":68,"column":33},"end":{"line":68,"column":61}},"line":68},"4":{"name":"(anonymous_4)","decl":{"start":{"line":72,"column":2},"end":{"line":72,"column":3}},"loc":{"start":{"line":72,"column":62},"end":{"line":78,"column":3}},"line":72},"5":{"name":"(anonymous_5)","decl":{"start":{"line":81,"column":2},"end":{"line":81,"column":3}},"loc":{"start":{"line":81,"column":77},"end":{"line":114,"column":3}},"line":81},"6":{"name":"(anonymous_6)","decl":{"start":{"line":117,"column":2},"end":{"line":117,"column":3}},"loc":{"start":{"line":117,"column":92},"end":{"line":183,"column":3}},"line":117},"7":{"name":"(anonymous_7)","decl":{"start":{"line":127,"column":47},"end":{"line":127,"column":48}},"loc":{"start":{"line":127,"column":57},"end":{"line":127,"column":93}},"line":127},"8":{"name":"(anonymous_8)","decl":{"start":{"line":150,"column":66},"end":{"line":150,"column":67}},"loc":{"start":{"line":150,"column":110},"end":{"line":152,"column":9}},"line":150},"9":{"name":"(anonymous_9)","decl":{"start":{"line":186,"column":2},"end":{"line":186,"column":3}},"loc":{"start":{"line":186,"column":43},"end":{"line":203,"column":3}},"line":186},"10":{"name":"(anonymous_10)","decl":{"start":{"line":206,"column":2},"end":{"line":206,"column":3}},"loc":{"start":{"line":206,"column":58},"end":{"line":224,"column":3}},"line":206},"11":{"name":"(anonymous_11)","decl":{"start":{"line":227,"column":2},"end":{"line":227,"column":3}},"loc":{"start":{"line":227,"column":39},"end":{"line":240,"column":3}},"line":227},"12":{"name":"(anonymous_12)","decl":{"start":{"line":243,"column":2},"end":{"line":243,"column":3}},"loc":{"start":{"line":243,"column":25},"end":{"line":248,"column":3}},"line":243}},"branchMap":{"0":{"loc":{"start":{"line":4,"column":4},"end":{"line":9,"column":5}},"type":"if","locations":[{"start":{"line":4,"column":4},"end":{"line":9,"column":5}},{"start":{},"end":{}}],"line":4},"1":{"loc":{"start":{"line":11,"column":4},"end":{"line":16,"column":5}},"type":"if","locations":[{"start":{"line":11,"column":4},"end":{"line":16,"column":5}},{"start":{},"end":{}}],"line":11},"2":{"loc":{"start":{"line":11,"column":8},"end":{"line":11,"column":106}},"type":"binary-expr","locations":[{"start":{"line":11,"column":8},"end":{"line":11,"column":28}},{"start":{"line":11,"column":32},"end":{"line":11,"column":49}},{"start":{"line":11,"column":53},"end":{"line":11,"column":68}},{"start":{"line":11,"column":72},"end":{"line":11,"column":106}}],"line":11},"3":{"loc":{"start":{"line":62,"column":4},"end":{"line":64,"column":5}},"type":"if","locations":[{"start":{"line":62,"column":4},"end":{"line":64,"column":5}},{"start":{},"end":{}}],"line":62},"4":{"loc":{"start":{"line":62,"column":8},"end":{"line":62,"column":52}},"type":"binary-expr","locations":[{"start":{"line":62,"column":8},"end":{"line":62,"column":22}},{"start":{"line":62,"column":26},"end":{"line":62,"column":52}}],"line":62},"5":{"loc":{"start":{"line":68,"column":42},"end":{"line":68,"column":60}},"type":"binary-expr","locations":[{"start":{"line":68,"column":42},"end":{"line":68,"column":55}},{"start":{"line":68,"column":59},"end":{"line":68,"column":60}}],"line":68},"6":{"loc":{"start":{"line":73,"column":4},"end":{"line":75,"column":5}},"type":"if","locations":[{"start":{"line":73,"column":4},"end":{"line":75,"column":5}},{"start":{},"end":{}}],"line":73},"7":{"loc":{"start":{"line":73,"column":8},"end":{"line":73,"column":44}},"type":"binary-expr","locations":[{"start":{"line":73,"column":8},"end":{"line":73,"column":22}},{"start":{"line":73,"column":26},"end":{"line":73,"column":44}}],"line":73},"8":{"loc":{"start":{"line":82,"column":4},"end":{"line":87,"column":5}},"type":"if","locations":[{"start":{"line":82,"column":4},"end":{"line":87,"column":5}},{"start":{},"end":{}}],"line":82},"9":{"loc":{"start":{"line":82,"column":8},"end":{"line":82,"column":40}},"type":"binary-expr","locations":[{"start":{"line":82,"column":8},"end":{"line":82,"column":16}},{"start":{"line":82,"column":20},"end":{"line":82,"column":40}}],"line":82},"10":{"loc":{"start":{"line":95,"column":10},"end":{"line":97,"column":11}},"type":"if","locations":[{"start":{"line":95,"column":10},"end":{"line":97,"column":11}},{"start":{},"end":{}}],"line":95},"11":{"loc":{"start":{"line":118,"column":4},"end":{"line":123,"column":5}},"type":"if","locations":[{"start":{"line":118,"column":4},"end":{"line":123,"column":5}},{"start":{},"end":{}}],"line":118},"12":{"loc":{"start":{"line":129,"column":6},"end":{"line":142,"column":7}},"type":"if","locations":[{"start":{"line":129,"column":6},"end":{"line":142,"column":7}},{"start":{},"end":{}}],"line":129},"13":{"loc":{"start":{"line":154,"column":8},"end":{"line":158,"column":9}},"type":"if","locations":[{"start":{"line":154,"column":8},"end":{"line":158,"column":9}},{"start":{},"end":{}}],"line":154},"14":{"loc":{"start":{"line":188,"column":4},"end":{"line":190,"column":5}},"type":"if","locations":[{"start":{"line":188,"column":4},"end":{"line":190,"column":5}},{"start":{},"end":{}}],"line":188},"15":{"loc":{"start":{"line":193,"column":4},"end":{"line":195,"column":5}},"type":"if","locations":[{"start":{"line":193,"column":4},"end":{"line":195,"column":5}},{"start":{},"end":{}}],"line":193},"16":{"loc":{"start":{"line":198,"column":32},"end":{"line":198,"column":106}},"type":"binary-expr","locations":[{"start":{"line":198,"column":32},"end":{"line":198,"column":43}},{"start":{"line":198,"column":47},"end":{"line":198,"column":65}},{"start":{"line":198,"column":69},"end":{"line":198,"column":84}},{"start":{"line":198,"column":88},"end":{"line":198,"column":106}}],"line":198},"17":{"loc":{"start":{"line":202,"column":11},"end":{"line":202,"column":63}},"type":"binary-expr","locations":[{"start":{"line":202,"column":11},"end":{"line":202,"column":36}},{"start":{"line":202,"column":40},"end":{"line":202,"column":63}}],"line":202},"18":{"loc":{"start":{"line":207,"column":4},"end":{"line":209,"column":5}},"type":"if","locations":[{"start":{"line":207,"column":4},"end":{"line":209,"column":5}},{"start":{},"end":{}}],"line":207},"19":{"loc":{"start":{"line":213,"column":4},"end":{"line":223,"column":5}},"type":"if","locations":[{"start":{"line":213,"column":4},"end":{"line":223,"column":5}},{"start":{"line":215,"column":11},"end":{"line":223,"column":5}}],"line":213},"20":{"loc":{"start":{"line":215,"column":11},"end":{"line":223,"column":5}},"type":"if","locations":[{"start":{"line":215,"column":11},"end":{"line":223,"column":5}},{"start":{"line":217,"column":11},"end":{"line":223,"column":5}}],"line":215},"21":{"loc":{"start":{"line":217,"column":11},"end":{"line":223,"column":5}},"type":"if","locations":[{"start":{"line":217,"column":11},"end":{"line":223,"column":5}},{"start":{"line":219,"column":11},"end":{"line":223,"column":5}}],"line":217},"22":{"loc":{"start":{"line":219,"column":11},"end":{"line":223,"column":5}},"type":"if","locations":[{"start":{"line":219,"column":11},"end":{"line":223,"column":5}},{"start":{"line":221,"column":11},"end":{"line":223,"column":5}}],"line":219},"23":{"loc":{"start":{"line":228,"column":4},"end":{"line":230,"column":5}},"type":"if","locations":[{"start":{"line":228,"column":4},"end":{"line":230,"column":5}},{"start":{},"end":{}}],"line":228}},"s":{"0":0,"1":0,"2":0,"3":0,"4":0,"5":0,"6":0,"7":0,"8":0,"9":0,"10":0,"11":0,"12":0,"13":0,"14":0,"15":0,"16":0,"17":0,"18":0,"19":0,"20":0,"21":0,"22":0,"23":0,"24":0,"25":0,"26":0,"27":0,"28":0,"29":0,"30":0,"31":0,"32":0,"33":0,"34":0,"35":0,"36":0,"37":0,"38":0,"39":0,"40":0,"41":0,"42":0,"43":0,"44":0,"45":0,"46":0,"47":0,"48":0,"49":0,"50":0,"51":0,"52":0,"53":0,"54":0,"55":0,"56":0,"57":0,"58":0,"59":0,"60":0,"61":0,"62":0,"63":0,"64":0,"65":0,"66":0,"67":0,"68":0,"69":0,"70":0,"71":0,"72":0,"73":0,"74":0,"75":0,"76":0},"f":{"0":0,"1":0,"2":0,"3":0,"4":0,"5":0,"6":0,"7":0,"8":0,"9":0,"10":0,"11":0,"12":0},"b":{"0":[0,0],"1":[0,0],"2":[0,0,0,0],"3":[0,0],"4":[0,0],"5":[0,0],"6":[0,0],"7":[0,0],"8":[0,0],"9":[0,0],"10":[0,0],"11":[0,0],"12":[0,0],"13":[0,0],"14":[0,0],"15":[0,0],"16":[0,0,0,0],"17":[0,0],"18":[0,0],"19":[0,0],"20":[0,0],"21":[0,0],"22":[0,0],"23":[0,0]}}
,"C:\\Users\\khokh\\OneDrive\\Desktop\\ODDO\\Budget-Accounting-System-Shiv-Furniture\\backend\\services\\budgetService.js": {"path":"C:\\Users\\khokh\\OneDrive\\Desktop\\ODDO\\Budget-Accounting-System-Shiv-Furniture\\backend\\services\\budgetService.js","statementMap":{"0":{"start":{"line":1,"column":26},"end":{"line":1,"column":56}},"1":{"start":{"line":7,"column":28},"end":{"line":7,"column":72}},"2":{"start":{"line":9,"column":4},"end":{"line":15,"column":5}},"3":{"start":{"line":10,"column":6},"end":{"line":14,"column":8}},"4":{"start":{"line":12,"column":48},"end":{"line":12,"column":57}},"5":{"start":{"line":18,"column":30},"end":{"line":22,"column":5}},"6":{"start":{"line":24,"column":4},"end":{"line":30,"column":5}},"7":{"start":{"line":25,"column":6},"end":{"line":29,"column":8}},"8":{"start":{"line":32,"column":4},"end":{"line":35,"column":6}},"9":{"start":{"line":40,"column":23},"end":{"line":40,"column":77}},"10":{"start":{"line":42,"column":4},"end":{"line":47,"column":5}},"11":{"start":{"line":43,"column":6},"end":{"line":46,"column":8}},"12":{"start":{"line":49,"column":4},"end":{"line":67,"column":5}},"13":{"start":{"line":50,"column":21},"end":{"line":56,"column":8}},"14":{"start":{"line":58,"column":6},"end":{"line":61,"column":8}},"15":{"start":{"line":63,"column":6},"end":{"line":66,"column":8}},"16":{"start":{"line":72,"column":4},"end":{"line":79,"column":5}},"17":{"start":{"line":73,"column":20},"end":{"line":73,"column":110}},"18":{"start":{"line":74,"column":6},"end":{"line":78,"column":8}},"19":{"start":{"line":82,"column":23},"end":{"line":82,"column":87}},"20":{"start":{"line":84,"column":4},"end":{"line":91,"column":5}},"21":{"start":{"line":85,"column":28},"end":{"line":85,"column":94}},"22":{"start":{"line":86,"column":6},"end":{"line":90,"column":8}},"23":{"start":{"line":93,"column":4},"end":{"line":122,"column":5}},"24":{"start":{"line":94,"column":28},"end":{"line":100,"column":8}},"25":{"start":{"line":102,"column":6},"end":{"line":109,"column":7}},"26":{"start":{"line":103,"column":30},"end":{"line":103,"column":77}},"27":{"start":{"line":104,"column":8},"end":{"line":108,"column":10}},"28":{"start":{"line":111,"column":6},"end":{"line":114,"column":8}},"29":{"start":{"line":116,"column":26},"end":{"line":116,"column":96}},"30":{"start":{"line":117,"column":6},"end":{"line":121,"column":8}},"31":{"start":{"line":127,"column":4},"end":{"line":134,"column":5}},"32":{"start":{"line":128,"column":20},"end":{"line":128,"column":110}},"33":{"start":{"line":129,"column":6},"end":{"line":133,"column":8}},"34":{"start":{"line":136,"column":4},"end":{"line":159,"column":5}},"35":{"start":{"line":137,"column":22},"end":{"line":137,"column":56}},"36":{"start":{"line":139,"column":6},"end":{"line":146,"column":7}},"37":{"start":{"line":140,"column":30},"end":{"line":140,"column":77}},"38":{"start":{"line":141,"column":8},"end":{"line":145,"column":10}},"39":{"start":{"line":148,"column":6},"end":{"line":151,"column":8}},"40":{"start":{"line":153,"column":26},"end":{"line":153,"column":96}},"41":{"start":{"line":154,"column":6},"end":{"line":158,"column":8}},"42":{"start":{"line":164,"column":4},"end":{"line":164,"column":42}},"43":{"start":{"line":168,"column":0},"end":{"line":168,"column":37}}},"fnMap":{"0":{"name":"(anonymous_0)","decl":{"start":{"line":5,"column":2},"end":{"line":5,"column":3}},"loc":{"start":{"line":5,"column":81},"end":{"line":36,"column":3}},"line":5},"1":{"name":"(anonymous_1)","decl":{"start":{"line":12,"column":43},"end":{"line":12,"column":44}},"loc":{"start":{"line":12,"column":48},"end":{"line":12,"column":57}},"line":12},"2":{"name":"(anonymous_2)","decl":{"start":{"line":39,"column":2},"end":{"line":39,"column":3}},"loc":{"start":{"line":39,"column":67},"end":{"line":68,"column":3}},"line":39},"3":{"name":"(anonymous_3)","decl":{"start":{"line":71,"column":2},"end":{"line":71,"column":3}},"loc":{"start":{"line":71,"column":83},"end":{"line":123,"column":3}},"line":71},"4":{"name":"(anonymous_4)","decl":{"start":{"line":126,"column":2},"end":{"line":126,"column":3}},"loc":{"start":{"line":126,"column":51},"end":{"line":160,"column":3}},"line":126},"5":{"name":"(anonymous_5)","decl":{"start":{"line":163,"column":2},"end":{"line":163,"column":3}},"loc":{"start":{"line":163,"column":48},"end":{"line":165,"column":3}},"line":163}},"branchMap":{"0":{"loc":{"start":{"line":5,"column":35},"end":{"line":5,"column":55}},"type":"default-arg","locations":[{"start":{"line":5,"column":53},"end":{"line":5,"column":55}}],"line":5},"1":{"loc":{"start":{"line":5,"column":57},"end":{"line":5,"column":79}},"type":"default-arg","locations":[{"start":{"line":5,"column":75},"end":{"line":5,"column":79}}],"line":5},"2":{"loc":{"start":{"line":9,"column":4},"end":{"line":15,"column":5}},"type":"if","locations":[{"start":{"line":9,"column":4},"end":{"line":15,"column":5}},{"start":{},"end":{}}],"line":9},"3":{"loc":{"start":{"line":24,"column":4},"end":{"line":30,"column":5}},"type":"if","locations":[{"start":{"line":24,"column":4},"end":{"line":30,"column":5}},{"start":{},"end":{}}],"line":24},"4":{"loc":{"start":{"line":39,"column":33},"end":{"line":39,"column":53}},"type":"default-arg","locations":[{"start":{"line":39,"column":51},"end":{"line":39,"column":53}}],"line":39},"5":{"loc":{"start":{"line":42,"column":4},"end":{"line":47,"column":5}},"type":"if","locations":[{"start":{"line":42,"column":4},"end":{"line":47,"column":5}},{"start":{},"end":{}}],"line":42},"6":{"loc":{"start":{"line":55,"column":21},"end":{"line":55,"column":49}},"type":"binary-expr","locations":[{"start":{"line":55,"column":21},"end":{"line":55,"column":43}},{"start":{"line":55,"column":47},"end":{"line":55,"column":49}}],"line":55},"7":{"loc":{"start":{"line":71,"column":43},"end":{"line":71,"column":63}},"type":"default-arg","locations":[{"start":{"line":71,"column":61},"end":{"line":71,"column":63}}],"line":71},"8":{"loc":{"start":{"line":72,"column":4},"end":{"line":79,"column":5}},"type":"if","locations":[{"start":{"line":72,"column":4},"end":{"line":79,"column":5}},{"start":{},"end":{}}],"line":72},"9":{"loc":{"start":{"line":84,"column":4},"end":{"line":91,"column":5}},"type":"if","locations":[{"start":{"line":84,"column":4},"end":{"line":91,"column":5}},{"start":{},"end":{}}],"line":84},"10":{"loc":{"start":{"line":96,"column":19},"end":{"line":96,"column":84}},"type":"cond-expr","locations":[{"start":{"line":96,"column":42},"end":{"line":96,"column":72}},{"start":{"line":96,"column":75},"end":{"line":96,"column":84}}],"line":96},"11":{"loc":{"start":{"line":97,"column":17},"end":{"line":97,"column":78}},"type":"cond-expr","locations":[{"start":{"line":97,"column":38},"end":{"line":97,"column":66}},{"start":{"line":97,"column":69},"end":{"line":97,"column":78}}],"line":97},"12":{"loc":{"start":{"line":102,"column":6},"end":{"line":109,"column":7}},"type":"if","locations":[{"start":{"line":102,"column":6},"end":{"line":109,"column":7}},{"start":{},"end":{}}],"line":102},"13":{"loc":{"start":{"line":127,"column":4},"end":{"line":134,"column":5}},"type":"if","locations":[{"start":{"line":127,"column":4},"end":{"line":134,"column":5}},{"start":{},"end":{}}],"line":127},"14":{"loc":{"start":{"line":139,"column":6},"end":{"line":146,"column":7}},"type":"if","locations":[{"start":{"line":139,"column":6},"end":{"line":146,"column":7}},{"start":{},"end":{}}],"line":139},"15":{"loc":{"start":{"line":164,"column":11},"end":{"line":164,"column":41}},"type":"binary-expr","locations":[{"start":{"line":164,"column":11},"end":{"line":164,"column":24}},{"start":{"line":164,"column":28},"end":{"line":164,"column":41}}],"line":164}},"s":{"0":1,"1":1,"2":1,"3":1,"4":3,"5":0,"6":0,"7":0,"8":0,"9":0,"10":0,"11":0,"12":0,"13":0,"14":0,"15":0,"16":0,"17":0,"18":0,"19":0,"20":0,"21":0,"22":0,"23":0,"24":0,"25":0,"26":0,"27":0,"28":0,"29":0,"30":0,"31":0,"32":0,"33":0,"34":0,"35":0,"36":0,"37":0,"38":0,"39":0,"40":0,"41":0,"42":0,"43":1},"f":{"0":1,"1":3,"2":0,"3":0,"4":0,"5":0},"b":{"0":[0],"1":[1],"2":[1,0],"3":[0,0],"4":[0],"5":[0,0],"6":[0,0],"7":[0],"8":[0,0],"9":[0,0],"10":[0,0],"11":[0,0],"12":[0,0],"13":[0,0],"14":[0,0],"15":[0,0]},"_coverageSchema":"1a1c01bbd47fc00a2c39e90264f33305004495a9","hash":"dc1e312b2fe353e1f2dbdfc53d63b0b09781fce5"}
[...]
mn":71}}],"line":99},"15":{"loc":{"start":{"line":100,"column":4},"end":{"line":106,"column":5}},"type":"if","locations":[{"start":{"line":100,"column":4},"end":{"line":106,"column":5}},{"start":{},"end":{}}],"line":100},"16":{"loc":{"start":{"line":108,"column":4},"end":{"line":114,"column":5}},"type":"if","locations":[{"start":{"line":108,"column":4},"end":{"line":114,"column":5}},{"start":{},"end":{}}],"line":108},"17":{"loc":{"start":{"line":116,"column":4},"end":{"line":122,"column":5}},"type":"if","locations":[{"start":{"line":116,"column":4},"end":{"line":122,"column":5}},{"start":{},"end":{}}],"line":116},"18":{"loc":{"start":{"line":124,"column":4},"end":{"line":130,"column":5}},"type":"if","locations":[{"start":{"line":124,"column":4},"end":{"line":130,"column":5}},{"start":{},"end":{}}],"line":124},"19":{"loc":{"start":{"line":140,"column":4},"end":{"line":150,"column":5}},"type":"if","locations":[{"start":{"line":140,"column":4},"end":{"line":150,"column":5}},{"start":{"line":145,"column":11},"end":{"line":150,"column":5}}],"line":140},"20":{"loc":{"start":{"line":140,"column":8},"end":{"line":140,"column":80}},"type":"binary-expr","locations":[{"start":{"line":140,"column":8},"end":{"line":140,"column":18}},{"start":{"line":140,"column":23},"end":{"line":140,"column":52}},{"start":{"line":140,"column":56},"end":{"line":140,"column":79}}],"line":140},"21":{"loc":{"start":{"line":147,"column":6},"end":{"line":149,"column":7}},"type":"if","locations":[{"start":{"line":147,"column":6},"end":{"line":149,"column":7}},{"start":{},"end":{}}],"line":147},"22":{"loc":{"start":{"line":164,"column":4},"end":{"line":166,"column":5}},"type":"if","locations":[{"start":{"line":164,"column":4},"end":{"line":166,"column":5}},{"start":{},"end":{}}],"line":164},"23":{"loc":{"start":{"line":170,"column":4},"end":{"line":172,"column":5}},"type":"if","locations":[{"start":{"line":170,"column":4},"end":{"line":172,"column":5}},{"start":{},"end":{}}],"line":170},"24":{"loc":{"start":{"line":176,"column":4},"end":{"line":178,"column":5}},"type":"if","locations":[{"start":{"line":176,"column":4},"end":{"line":178,"column":5}},{"start":{},"end":{}}],"line":176},"25":{"loc":{"start":{"line":192,"column":4},"end":{"line":194,"column":5}},"type":"if","locations":[{"start":{"line":192,"column":4},"end":{"line":194,"column":5}},{"start":{},"end":{}}],"line":192},"26":{"loc":{"start":{"line":198,"column":4},"end":{"line":200,"column":5}},"type":"if","locations":[{"start":{"line":198,"column":4},"end":{"line":200,"column":5}},{"start":{},"end":{}}],"line":198},"27":{"loc":{"start":{"line":203,"column":4},"end":{"line":215,"column":5}},"type":"if","locations":[{"start":{"line":203,"column":4},"end":{"line":215,"column":5}},{"start":{},"end":{}}],"line":203},"28":{"loc":{"start":{"line":203,"column":8},"end":{"line":203,"column":67}},"type":"binary-expr","locations":[{"start":{"line":203,"column":8},"end":{"line":203,"column":38}},{"start":{"line":203,"column":42},"end":{"line":203,"column":67}}],"line":203},"29":{"loc":{"start":{"line":204,"column":6},"end":{"line":214,"column":7}},"type":"if","locations":[{"start":{"line":204,"column":6},"end":{"line":214,"column":7}},{"start":{"line":209,"column":13},"end":{"line":214,"column":7}}],"line":204},"30":{"loc":{"start":{"line":204,"column":10},"end":{"line":204,"column":80}},"type":"binary-expr","locations":[{"start":{"line":204,"column":10},"end":{"line":204,"column":46}},{"start":{"line":204,"column":50},"end":{"line":204,"column":80}}],"line":204},"31":{"loc":{"start":{"line":209,"column":13},"end":{"line":214,"column":7}},"type":"if","locations":[{"start":{"line":209,"column":13},"end":{"line":214,"column":7}},{"start":{},"end":{}}],"line":209},"32":{"loc":{"start":{"line":209,"column":17},"end":{"line":209,"column":66}},"type":"binary-expr","locations":[{"start":{"line":209,"column":17},"end":{"line":209,"column":33}},{"start":{"line":209,"column":37},"end":{"line":209,"column":66}}],"line":209},"33":{"loc":{"start":{"line":229,"column":4},"end":{"line":231,"column":5}},"type":"if","locations":[{"start":{"line":229,"column":4},"end":{"line":231,"column":5}},{"start":{},"end":{}}],"line":229},"34":{"loc":{"start":{"line":235,"column":4},"end":{"line":237,"column":5}},"type":"if","locations":[{"start":{"line":235,"column":4},"end":{"line":237,"column":5}},{"start":{},"end":{}}],"line":235},"35":{"loc":{"start":{"line":240,"column":4},"end":{"line":245,"column":5}},"type":"if","locations":[{"start":{"line":240,"column":4},"end":{"line":245,"column":5}},{"start":{},"end":{}}],"line":240},"36":{"loc":{"start":{"line":242,"column":6},"end":{"line":244,"column":7}},"type":"if","locations":[{"start":{"line":242,"column":6},"end":{"line":244,"column":7}},{"start":{},"end":{}}],"line":242},"37":{"loc":{"start":{"line":259,"column":4},"end":{"line":261,"column":5}},"type":"if","locations":[{"start":{"line":259,"column":4},"end":{"line":261,"column":5}},{"start":{},"end":{}}],"line":259},"38":{"loc":{"start":{"line":265,"column":4},"end":{"line":267,"column":5}},"type":"if","locations":[{"start":{"line":265,"column":4},"end":{"line":267,"column":5}},{"start":{},"end":{}}],"line":265},"39":{"loc":{"start":{"line":270,"column":4},"end":{"line":275,"column":5}},"type":"if","locations":[{"start":{"line":270,"column":4},"end":{"line":275,"column":5}},{"start":{},"end":{}}],"line":270},"40":{"loc":{"start":{"line":272,"column":6},"end":{"line":274,"column":7}},"type":"if","locations":[{"start":{"line":272,"column":6},"end":{"line":274,"column":7}},{"start":{},"end":{}}],"line":272},"41":{"loc":{"start":{"line":289,"column":4},"end":{"line":291,"column":5}},"type":"if","locations":[{"start":{"line":289,"column":4},"end":{"line":291,"column":5}},{"start":{},"end":{}}],"line":289},"42":{"loc":{"start":{"line":294,"column":4},"end":{"line":299,"column":5}},"type":"if","locations":[{"start":{"line":294,"column":4},"end":{"line":299,"column":5}},{"start":{},"end":{}}],"line":294},"43":{"loc":{"start":{"line":296,"column":6},"end":{"line":298,"column":7}},"type":"if","locations":[{"start":{"line":296,"column":6},"end":{"line":298,"column":7}},{"start":{},"end":{}}],"line":296},"44":{"loc":{"start":{"line":313,"column":4},"end":{"line":315,"column":5}},"type":"if","locations":[{"start":{"line":313,"column":4},"end":{"line":315,"column":5}},{"start":{},"end":{}}],"line":313},"45":{"loc":{"start":{"line":318,"column":4},"end":{"line":323,"column":5}},"type":"if","locations":[{"start":{"line":318,"column":4},"end":{"line":323,"column":5}},{"start":{},"end":{}}],"line":318},"46":{"loc":{"start":{"line":320,"column":6},"end":{"line":322,"column":7}},"type":"if","locations":[{"start":{"line":320,"column":6},"end":{"line":322,"column":7}},{"start":{},"end":{}}],"line":320},"47":{"loc":{"start":{"line":326,"column":4},"end":{"line":331,"column":5}},"type":"if","locations":[{"start":{"line":326,"column":4},"end":{"line":331,"column":5}},{"start":{},"end":{}}],"line":326},"48":{"loc":{"start":{"line":328,"column":6},"end":{"line":330,"column":7}},"type":"if","locations":[{"start":{"line":328,"column":6},"end":{"line":330,"column":7}},{"start":{},"end":{}}],"line":328},"49":{"loc":{"start":{"line":340,"column":59},"end":{"line":340,"column":81}},"type":"default-arg","locations":[{"start":{"line":340,"column":77},"end":{"line":340,"column":81}}],"line":340},"50":{"loc":{"start":{"line":349,"column":6},"end":{"line":351,"column":7}},"type":"if","locations":[{"start":{"line":349,"column":6},"end":{"line":351,"column":7}},{"start":{},"end":{}}],"line":349},"51":{"loc":{"start":{"line":349,"column":10},"end":{"line":349,"column":58}},"type":"binary-expr","locations":[{"start":{"line":349,"column":10},"end":{"line":349,"column":25}},{"start":{"line":349,"column":29},"end":{"line":349,"column":58}}],"line":349},"52":{"loc":{"start":{"line":354,"column":6},"end":{"line":356,"column":7}},"type":"if","locations":[{"start":{"line":354,"column":6},"end":{"line":356,"column":7}},{"start":{},"end":{}}],"line":354},"53":{"loc":{"start":{"line":362,"column":13},"end":{"line":362,"column":61}},"type":"binary-expr","locations":[{"start":{"line":362,"column":13},"end":{"line":362,"column":35}},{"start":{"line":362,"column":39},"end":{"line":362,"column":61}}],"line":362},"54":{"loc":{"start":{"line":365,"column":4},"end":{"line":376,"column":5}},"type":"if","locations":[{"start":{"line":365,"column":4},"end":{"line":376,"column":5}},{"start":{},"end":{}}],"line":365},"55":{"loc":{"start":{"line":383,"column":4},"end":{"line":389,"column":5}},"type":"if","locations":[{"start":{"line":383,"column":4},"end":{"line":389,"column":5}},{"start":{},"end":{}}],"line":383},"56":{"loc":{"start":{"line":391,"column":4},"end":{"line":397,"column":5}},"type":"if","locations":[{"start":{"line":391,"column":4},"end":{"line":397,"column":5}},{"start":{},"end":{}}],"line":391},"57":{"loc":{"start":{"line":406,"column":4},"end":{"line":411,"column":5}},"type":"if","locations":[{"start":{"line":406,"column":4},"end":{"line":411,"column":5}},{"start":{},"end":{}}],"line":406},"58":{"loc":{"start":{"line":406,"column":8},"end":{"line":406,"column":70}},"type":"binary-expr","locations":[{"start":{"line":406,"column":8},"end":{"line":406,"column":17}},{"start":{"line":406,"column":21},"end":{"line":406,"column":45}},{"start":{"line":406,"column":49},"end":{"line":406,"column":70}}],"line":406},"59":{"loc":{"start":{"line":413,"column":4},"end":{"line":418,"column":5}},"type":"if","locations":[{"start":{"line":413,"column":4},"end":{"line":418,"column":5}},{"start":{},"end":{}}],"line":413},"60":{"loc":{"start":{"line":413,"column":8},"end":{"line":413,"column":41}},"type":"binary-expr","locations":[{"start":{"line":413,"column":8},"end":{"line":413,"column":16}},{"start":{"line":413,"column":20},"end":{"line":413,"column":41}}],"line":413},"61":{"loc":{"start":{"line":428,"column":4},"end":{"line":430,"column":5}},"type":"if","locations":[{"start":{"line":428,"column":4},"end":{"line":430,"column":5}},{"start":{},"end":{}}],"line":428},"62":{"loc":{"start":{"line":437,"column":15},"end":{"line":442,"column":19}},"type":"cond-expr","locations":[{"start":{"line":437,"column":35},"end":{"line":442,"column":7}},{"start":{"line":442,"column":10},"end":{"line":442,"column":19}}],"line":437},"63":{"loc":{"start":{"line":447,"column":54},"end":{"line":447,"column":68}},"type":"default-arg","locations":[{"start":{"line":447,"column":64},"end":{"line":447,"column":68}}],"line":447},"64":{"loc":{"start":{"line":453,"column":4},"end":{"line":455,"column":5}},"type":"if","locations":[{"start":{"line":453,"column":4},"end":{"line":455,"column":5}},{"start":{},"end":{}}],"line":453},"65":{"loc":{"start":{"line":464,"column":44},"end":{"line":464,"column":58}},"type":"default-arg","locations":[{"start":{"line":464,"column":54},"end":{"line":464,"column":58}}],"line":464},"66":{"loc":{"start":{"line":468,"column":26},"end":{"line":468,"column":61}},"type":"default-arg","locations":[{"start":{"line":468,"column":36},"end":{"line":468,"column":61}}],"line":468},"67":{"loc":{"start":{"line":472,"column":23},"end":{"line":472,"column":48}},"type":"default-arg","locations":[{"start":{"line":472,"column":33},"end":{"line":472,"column":48}}],"line":472},"68":{"loc":{"start":{"line":476,"column":22},"end":{"line":476,"column":43}},"type":"default-arg","locations":[{"start":{"line":476,"column":33},"end":{"line":476,"column":43}}],"line":476},"69":{"loc":{"start":{"line":480,"column":42},"end":{"line":480,"column":56}},"type":"default-arg","locations":[{"start":{"line":480,"column":52},"end":{"line":480,"column":56}}],"line":480},"70":{"loc":{"start":{"line":484,"column":28},"end":{"line":484,"column":61}},"type":"default-arg","locations":[{"start":{"line":484,"column":38},"end":{"line":484,"column":61}}],"line":484}},"s":{"0":28,"1":16,"2":12,"3":28,"4":1,"5":27,"6":27,"7":3,"8":24,"9":13,"10":11,"11":15,"12":1,"13":14,"14":14,"15":14,"16":1,"17":13,"18":9,"19":4,"20":8,"21":1,"22":7,"23":7,"24":4,"25":3,"26":20,"27":4,"28":16,"29":1,"30":15,"31":0,"32":15,"33":4,"34":11,"35":6,"36":6,"37":3,"38":3,"39":3,"40":1,"41":6,"42":6,"43":6,"44":6,"45":4,"46":6,"47":6,"48":4,"49":6,"50":6,"51":4,"52":6,"53":6,"54":6,"55":6,"56":3,"57":6,"58":6,"59":3,"60":6,"61":5,"62":0,"63":5,"64":2,"65":6,"66":2,"67":2,"68":2,"69":1,"70":2,"71":2,"72":1,"73":2,"74":2,"75":2,"76":1,"77":2,"78":2,"79":2,"80":2,"81":1,"82":2,"83":2,"84":1,"85":2,"86":1,"87":1,"88":0,"89":2,"90":2,"91":2,"92":2,"93":1,"94":2,"95":2,"96":2,"97":0,"98":2,"99":2,"100":2,"101":2,"102":1,"103":2,"104":2,"105":2,"106":1,"107":2,"108":2,"109":2,"110":1,"111":2,"112":4,"113":4,"114":4,"115":4,"116":10,"117":1,"118":9,"119":5,"120":4,"121":4,"122":4,"123":4,"124":2,"125":3,"126":2,"127":5,"128":1,"129":4,"130":2,"131":2,"132":5,"133":5,"134":1,"135":5,"136":2,"137":5,"138":4,"139":1,"140":4,"141":4,"142":5,"143":16,"144":16,"145":0,"146":16,"147":3,"148":3,"149":3,"150":2,"151":3,"152":2,"153":2},"f":{"0":28,"1":28,"2":15,"3":8,"4":20,"5":6,"6":6,"7":6,"8":2,"9":2,"10":2,"11":2,"12":4,"13":10,"14":3,"15":5,"16":5,"17":4,"18":5,"19":16,"20":3,"21":3,"22":3,"23":2,"24":3,"25":2},"b":{"0":[16,12],"1":[28,17,15],"2":[1,27],"3":[28,27],"4":[3,24],"5":[13,11],"6":[1,14],"7":[15,14],"8":[1,13],"9":[14,13],"10":[9,4],"11":[1,7],"12":[4,3],"13":[0],"14":[0],"15":[4,16],"16":[1,15],"17":[0,15],"18":[4,11],"19":[3,3],"20":[6,3,3],"21":[1,2],"22":[4,2],"23":[4,2],"24":[4,2],"25":[3,3],"26":[3,3],"27":[5,1],"28":[6,5],"29":[0,5],"30":[5,5],"31":[2,3],"32":[5,5],"33":[1,1],"34":[1,1],"35":[2,0],"36":[1,1],"37":[1,1],"38":[1,1],"39":[1,1],"40":[0,1],"41":[1,1],"42":[2,0],"43":[0,2],"44":[1,1],"45":[2,0],"46":[1,1],"47":[2,0],"48":[1,1],"49":[3],"50":[1,9],"51":[10,3],"52":[5,4],"53":[4,4],"54":[2,2],"55":[1,4],"56":[2,2],"57":[1,4],"58":[5,4,4],"59":[2,3],"60":[5,4],"61":[1,3],"62":[3,1],"63":[10],"64":[0,16],"65":[3],"66":[3],"67":[3],"68":[0],"69":[3],"70":[2]},"_coverageSchema":"1a1c01bbd47fc00a2c39e90264f33305004495a9","hash":"a46034584b2a5941d843a327106a2289221abc91"}
,"C:\\Users\\khokh\\OneDrive\\Desktop\\ODDO\\Budget-Accounting-System-Shiv-Furniture\\backend\\utils\\roleValidator.js": {"path":"C:\\Users\\khokh\\OneDrive\\Desktop\\ODDO\\Budget-Accounting-System-Shiv-Furniture\\backend\\utils\\roleValidator.js","statementMap":{"0":{"start":{"line":1,"column":20},"end":{"line":1,"column":54}},"1":{"start":{"line":4,"column":26},"end":{"line":53,"column":1}},"2":{"start":{"line":5,"column":2},"end":{"line":10,"column":3}},"3":{"start":{"line":6,"column":4},"end":{"line":9,"column":6}},"4":{"start":{"line":12,"column":19},"end":{"line":12,"column":35}},"5":{"start":{"line":15,"column":2},"end":{"line":20,"column":3}},"6":{"start":{"line":16,"column":4},"end":{"line":19,"column":6}},"7":{"start":{"line":23,"column":2},"end":{"line":47,"column":3}},"8":{"start":{"line":25,"column":4},"end":{"line":30,"column":5}},"9":{"start":{"line":26,"column":6},"end":{"line":29,"column":8}},"10":{"start":{"line":33,"column":4},"end":{"line":38,"column":5}},"11":{"start":{"line":34,"column":6},"end":{"line":37,"column":8}},"12":{"start":{"line":41,"column":4},"end":{"line":46,"column":5}},"13":{"start":{"line":42,"column":6},"end":{"line":45,"column":8}},"14":{"start":{"line":49,"column":2},"end":{"line":52,"column":4}},"15":{"start":{"line":56,"column":26},"end":{"line":67,"column":1}},"16":{"start":{"line":57,"column":2},"end":{"line":66,"column":3}},"17":{"start":{"line":59,"column":6},"end":{"line":59,"column":18}},"18":{"start":{"line":61,"column":6},"end":{"line":61,"column":54}},"19":{"start":{"line":63,"column":6},"end":{"line":63,"column":53}},"20":{"start":{"line":65,"column":6},"end":{"line":65,"column":19}},"21":{"start":{"line":70,"column":29},"end":{"line":79,"column":1}},"22":{"start":{"line":71,"column":2},"end":{"line":78,"column":3}},"23":{"start":{"line":73,"column":6},"end":{"line":73,"column":40}},"24":{"start":{"line":75,"column":6},"end":{"line":75,"column":22}},"25":{"start":{"line":77,"column":6},"end":{"line":77,"column":16}},"26":{"start":{"line":82,"column":36},"end":{"line":91,"column":1}},"27":{"start":{"line":83,"column":2},"end":{"line":90,"column":3}},"28":{"start":{"line":85,"column":6},"end":{"line":85,"column":16}},"29":{"start":{"line":87,"column":6},"end":{"line":87,"column":49}},"30":{"start":{"line":89,"column":6},"end":{"line":89,"column":57}},"31":{"start":{"line":93,"column":0},"end":{"line":98,"column":2}}},"fnMap":{"0":{"name":"(anonymous_0)","decl":{"start":{"line":4,"column":26},"end":{"line":4,"column":27}},"loc":{"start":{"line":4,"column":64},"end":{"line":53,"column":1}},"line":4},"1":{"name":"(anonymous_1)","decl":{"start":{"line":56,"column":26},"end":{"line":56,"column":27}},"loc":{"start":{"line":56,"column":57},"end":{"line":67,"column":1}},"line":56},"2":{"name":"(anonymous_2)","decl":{"start":{"line":70,"column":29},"end":{"line":70,"column":30}},"loc":{"start":{"line":70,"column":39},"end":{"line":79,"column":1}},"line":70},"3":{"name":"(anonymous_3)","decl":{"start":{"line":82,"column":36},"end":{"line":82,"column":37}},"loc":{"start":{"line":82,"column":46},"end":{"line":91,"column":1}},"line":82}},"branchMap":{"0":{"loc":{"start":{"line":5,"column":2},"end":{"line":10,"column":3}},"type":"if","locations":[{"start":{"line":5,"column":2},"end":{"line":10,"column":3}},{"start":{},"end":{}}],"line":5},"1":{"loc":{"start":{"line":15,"column":2},"end":{"line":20,"column":3}},"type":"if","locations":[{"start":{"line":15,"column":2},"end":{"line":20,"column":3}},{"start":{},"end":{}}],"line":15},"2":{"loc":{"start":{"line":23,"column":2},"end":{"line":47,"column":3}},"type":"if","locations":[{"start":{"line":23,"column":2},"end":{"line":47,"column":3}},{"start":{},"end":{}}],"line":23},"3":{"loc":{"start":{"line":25,"column":4},"end":{"line":30,"column":5}},"type":"if","locations":[{"start":{"line":25,"column":4},"end":{"line":30,"column":5}},{"start":{},"end":{}}],"line":25},"4":{"loc":{"start":{"line":33,"column":4},"end":{"line":38,"column":5}},"type":"if","locations":[{"start":{"line":33,"column":4},"end":{"line":38,"column":5}},{"start":{},"end":{}}],"line":33},"5":{"loc":{"start":{"line":33,"column":8},"end":{"line":33,"column":87}},"type":"binary-expr","locations":[{"start":{"line":33,"column":8},"end":{"line":33,"column":29}},{"start":{"line":33,"column":33},"end":{"line":33,"column":87}}],"line":33},"6":{"loc":{"start":{"line":41,"column":4},"end":{"line":46,"column":5}},"type":"if","locations":[{"start":{"line":41,"column":4},"end":{"line":46,"column":5}},{"start":{},"end":{}}],"line":41},"7":{"loc":{"start":{"line":57,"column":2},"end":{"line":66,"column":3}},"type":"switch","locations":[{"start":{"line":58,"column":4},"end":{"line":59,"column":18}},{"start":{"line":60,"column":4},"end":{"line":61,"column":54}},{"start":{"line":62,"column":4},"end":{"line":63,"column":53}},{"start":{"line":64,"column":4},"end":{"line":65,"column":19}}],"line":57},"8":{"loc":{"start":{"line":71,"column":2},"end":{"line":78,"column":3}},"type":"switch","locations":[{"start":{"line":72,"column":4},"end":{"line":73,"column":40}},{"start":{"line":74,"column":4},"end":{"line":75,"column":22}},{"start":{"line":76,"column":4},"end":{"line":77,"column":16}}],"line":71},"9":{"loc":{"start":{"line":83,"column":2},"end":{"line":90,"column":3}},"type":"switch","locations":[{"start":{"line":84,"column":4},"end":{"line":85,"column":16}},{"start":{"line":86,"column":4},"end":{"line":87,"column":49}},{"start":{"line":88,"column":4},"end":{"line":89,"column":57}}],"line":83}},"s":{"0":0,"1":0,"2":0,"3":0,"4":0,"5":0,"6":0,"7":0,"8":0,"9":0,"10":0,"11":0,"12":0,"13":0,"14":0,"15":0,"16":0,"17":0,"18":0,"19":0,"20":0,"21":0,"22":0,"23":0,"24":0,"25":0,"26":0,"27":0,"28":0,"29":0,"30":0,"31":0},"f":{"0":0,"1":0,"2":0,"3":0},"b":{"0":[0,0],"1":[0,0],"2":[0,0],"3":[0,0],"4":[0,0],"5":[0,0],"6":[0,0],"7":[0,0,0,0],"8":[0,0,0],"9":[0,0,0]}}
}
