TN:
SF:middleware\accessControlMiddleware.js
FN:5,(anonymous_0)
FN:6,(anonymous_1)
FN:35,(anonymous_2)
FN:40,(anonymous_3)
FN:56,(anonymous_4)
FN:67,(anonymous_5)
FN:68,(anonymous_6)
FN:92,(anonymous_7)
FN:118,(anonymous_8)
FN:119,(anonymous_9)
FNF:10
FNH:0
FNDA:0,(anonymous_0)
FNDA:0,(anonymous_1)
FNDA:0,(anonymous_2)
FNDA:0,(anonymous_3)
FNDA:0,(anonymous_4)
FNDA:0,(anonymous_5)
FNDA:0,(anonymous_6)
FNDA:0,(anonymous_7)
FNDA:0,(anonymous_8)
FNDA:0,(anonymous_9)
DA:1,0
DA:2,0
DA:5,0
DA:6,0
DA:7,0
DA:9,0
DA:11,0
DA:14,0
DA:15,0
DA:17,0
DA:27,0
DA:28,0
DA:29,0
DA:30,0
DA:31,0
DA:32,0
DA:35,0
DA:36,0
DA:40,0
DA:41,0
DA:43,0
DA:45,0
DA:46,0
DA:51,0
DA:52,0
DA:56,0
DA:57,0
DA:60,0
DA:61,0
DA:63,0
DA:67,0
DA:68,0
DA:69,0
DA:70,0
DA:72,0
DA:79,0
DA:80,0
DA:86,0
DA:87,0
DA:92,0
DA:93,0
DA:96,0
DA:97,0
DA:98,0
DA:102,0
DA:103,0
DA:113,0
DA:114,0
DA:118,0
DA:119,0
DA:120,0
DA:123,0
DA:125,0
DA:129,0
LF:54
LH:0
BRDA:17,0,0,0
BRDA:17,0,1,0
BRDA:45,1,0,0
BRDA:45,1,1,0
BRDA:70,2,0,0
BRDA:70,2,1,0
BRDA:70,2,2,0
BRDA:79,3,0,0
BRDA:79,3,1,0
BRDA:96,4,0,0
BRDA:96,4,1,0
BRDA:102,5,0,0
BRDA:102,5,1,0
BRDA:102,6,0,0
BRDA:102,6,1,0
BRDA:123,7,0,0
BRDA:123,7,1,0
BRDA:123,8,0,0
BRDA:123,8,1,0
BRF:19
BRH:0
end_of_record
TN:
SF:middleware\authMiddleware.js
FN:4,(anonymous_0)
FN:19,(anonymous_1)
FN:33,(anonymous_2)
FN:47,(anonymous_3)
FN:61,(anonymous_4)
FNF:5
FNH:0
FNDA:0,(anonymous_0)
FNDA:0,(anonymous_1)
FNDA:0,(anonymous_2)
FNDA:0,(anonymous_3)
FNDA:0,(anonymous_4)
DA:1,0
DA:4,0
DA:5,0
DA:7,0
DA:8,0
DA:14,0
DA:15,0
DA:19,0
DA:20,0
DA:22,0
DA:23,0
DA:28,0
DA:29,0
DA:33,0
DA:34,0
DA:36,0
DA:37,0
DA:42,0
DA:43,0
DA:47,0
DA:48,0
DA:50,0
DA:51,0
DA:56,0
DA:57,0
DA:61,0
DA:62,0
DA:63,0
DA:64,0
DA:67,0
LF:30
LH:0
BRDA:7,0,0,0
BRDA:7,0,1,0
BRDA:22,1,0,0
BRDA:22,1,1,0
BRDA:36,2,0,0
BRDA:36,2,1,0
BRDA:50,3,0,0
BRDA:50,3,1,0
BRF:8
BRH:0
end_of_record
TN:
SF:services\accessControlService.js
FN:5,(anonymous_0)
FN:39,(anonymous_1)
FN:81,(anonymous_2)
FN:86,(anonymous_3)
FN:91,(anonymous_4)
FN:96,(anonymous_5)
FN:101,(anonymous_6)
FN:106,(anonymous_7)
FN:111,(anonymous_8)
FN:116,(anonymous_9)
FN:121,(anonymous_10)
FN:126,(anonymous_11)
FN:131,(anonymous_12)
FN:137,(anonymous_13)
FN:143,(anonymous_14)
FN:149,(anonymous_15)
FN:155,(anonymous_16)
FN:161,(anonymous_17)
FN:172,(anonymous_18)
FN:199,(anonymous_19)
FN:218,(anonymous_20)
FN:233,(anonymous_21)
FN:248,(anonymous_22)
FN:265,(anonymous_23)
FN:282,(anonymous_24)
FN:299,(anonymous_25)
FN:328,(anonymous_26)
FNF:27
FNH:0
FNDA:0,(anonymous_0)
FNDA:0,(anonymous_1)
FNDA:0,(anonymous_2)
FNDA:0,(anonymous_3)
FNDA:0,(anonymous_4)
FNDA:0,(anonymous_5)
FNDA:0,(anonymous_6)
FNDA:0,(anonymous_7)
FNDA:0,(anonymous_8)
FNDA:0,(anonymous_9)
FNDA:0,(anonymous_10)
FNDA:0,(anonymous_11)
FNDA:0,(anonymous_12)
FNDA:0,(anonymous_13)
FNDA:0,(anonymous_14)
FNDA:0,(anonymous_15)
FNDA:0,(anonymous_16)
FNDA:0,(anonymous_17)
FNDA:0,(anonymous_18)
FNDA:0,(anonymous_19)
FNDA:0,(anonymous_20)
FNDA:0,(anonymous_21)
FNDA:0,(anonymous_22)
FNDA:0,(anonymous_23)
FNDA:0,(anonymous_24)
FNDA:0,(anonymous_25)
FNDA:0,(anonymous_26)
DA:1,0
DA:6,0
DA:7,0
DA:14,0
DA:17,0
DA:18,0
DA:26,0
DA:27,0
DA:31,0
DA:41,0
DA:42,0
DA:50,0
DA:55,0
DA:56,0
DA:64,0
DA:65,0
DA:73,0
DA:82,0
DA:87,0
DA:92,0
DA:97,0
DA:102,0
DA:107,0
DA:112,0
DA:117,0
DA:122,0
DA:127,0
DA:132,0
DA:133,0
DA:138,0
DA:139,0
DA:144,0
DA:145,0
DA:150,0
DA:151,0
DA:156,0
DA:157,0
DA:162,0
DA:173,0
DA:175,0
DA:176,0
DA:187,0
DA:200,0
DA:202,0
DA:203,0
DA:204,0
DA:205,0
DA:206,0
DA:211,0
DA:214,0
DA:219,0
DA:234,0
DA:249,0
DA:250,0
DA:257,0
DA:266,0
DA:267,0
DA:274,0
DA:283,0
DA:284,0
DA:291,0
DA:300,0
DA:301,0
DA:313,0
DA:315,0
DA:329,0
DA:331,0
DA:333,0
DA:335,0
DA:340,0
LF:70
LH:0
BRDA:6,0,0,0
BRDA:6,0,1,0
BRDA:17,1,0,0
BRDA:17,1,1,0
BRDA:26,2,0,0
BRDA:26,2,1,0
BRDA:41,3,0,0
BRDA:41,3,1,0
BRDA:41,4,0,0
BRDA:41,4,1,0
BRDA:41,4,2,0
BRDA:55,5,0,0
BRDA:55,5,1,0
BRDA:64,6,0,0
BRDA:64,6,1,0
BRDA:64,7,0,0
BRDA:64,7,1,0
BRDA:121,8,0,0
BRDA:126,9,0,0
BRDA:172,10,0,0
BRDA:175,11,0,0
BRDA:175,11,1,0
BRDA:202,12,0,0
BRDA:202,12,1,0
BRDA:209,13,0,0
BRDA:209,13,1,0
BRDA:218,14,0,0
BRDA:248,15,0,0
BRDA:249,16,0,0
BRDA:249,16,1,0
BRDA:265,17,0,0
BRDA:266,18,0,0
BRDA:266,18,1,0
BRDA:282,19,0,0
BRDA:283,20,0,0
BRDA:283,20,1,0
BRDA:300,21,0,0
BRDA:300,21,1,0
BRDA:329,22,0,0
BRDA:329,22,1,0
BRDA:329,22,2,0
BRF:41
BRH:0
end_of_record
TN:
SF:services\authService.js
FN:3,(anonymous_0)
FN:41,(anonymous_1)
FN:54,(anonymous_2)
FN:62,(anonymous_3)
FN:67,(anonymous_4)
FN:72,(anonymous_5)
FN:78,(anonymous_6)
FNF:7
FNH:0
FNDA:0,(anonymous_0)
FNDA:0,(anonymous_1)
FNDA:0,(anonymous_2)
FNDA:0,(anonymous_3)
FNDA:0,(anonymous_4)
FNDA:0,(anonymous_5)
FNDA:0,(anonymous_6)
DA:5,0
DA:6,0
DA:12,0
DA:14,0
DA:16,0
DA:17,0
DA:24,0
DA:33,0
DA:43,0
DA:44,0
DA:50,0
DA:55,0
DA:56,0
DA:58,0
DA:63,0
DA:68,0
DA:74,0
DA:79,0
DA:83,0
LF:19
LH:0
BRDA:5,0,0,0
BRDA:5,0,1,0
BRDA:5,1,0,0
BRDA:5,1,1,0
BRDA:16,2,0,0
BRDA:16,2,1,0
BRDA:43,3,0,0
BRDA:43,3,1,0
BRDA:55,4,0,0
BRDA:55,4,1,0
BRDA:55,5,0,0
BRDA:55,5,1,0
BRDA:68,6,0,0
BRDA:68,6,1,0
BRDA:79,7,0,0
BRDA:79,7,1,0
BRDA:79,7,2,0
BRF:17
BRH:0
end_of_record
TN:
SF:services\autoAnalyticsService.js
FN:3,(anonymous_0)
FN:25,(anonymous_1)
FN:74,(anonymous_2)
FN:84,(anonymous_3)
FN:85,(anonymous_4)
FN:89,(anonymous_5)
FN:93,(anonymous_6)
FN:109,(anonymous_7)
FN:111,(anonymous_8)
FN:118,(anonymous_9)
FN:133,(anonymous_10)
FN:137,(anonymous_11)
FN:150,(anonymous_12)
FN:154,(anonymous_13)
FN:167,(anonymous_14)
FN:183,(anonymous_15)
FN:196,(anonymous_16)
FN:198,(anonymous_17)
FN:211,(anonymous_18)
FN:223,(anonymous_19)
FN:226,(anonymous_20)
FN:231,(anonymous_21)
FN:240,(anonymous_22)
FN:257,(anonymous_23)
FN:270,(anonymous_24)
FN:271,(anonymous_25)
FN:272,(anonymous_26)
FN:283,(anonymous_27)
FN:286,(anonymous_28)
FNF:29
FNH:0
FNDA:0,(anonymous_0)
FNDA:0,(anonymous_1)
FNDA:0,(anonymous_2)
FNDA:0,(anonymous_3)
FNDA:0,(anonymous_4)
FNDA:0,(anonymous_5)
FNDA:0,(anonymous_6)
FNDA:0,(anonymous_7)
FNDA:0,(anonymous_8)
FNDA:0,(anonymous_9)
FNDA:0,(anonymous_10)
FNDA:0,(anonymous_11)
FNDA:0,(anonymous_12)
FNDA:0,(anonymous_13)
FNDA:0,(anonymous_14)
FNDA:0,(anonymous_15)
FNDA:0,(anonymous_16)
FNDA:0,(anonymous_17)
FNDA:0,(anonymous_18)
FNDA:0,(anonymous_19)
FNDA:0,(anonymous_20)
FNDA:0,(anonymous_21)
FNDA:0,(anonymous_22)
FNDA:0,(anonymous_23)
FNDA:0,(anonymous_24)
FNDA:0,(anonymous_25)
FNDA:0,(anonymous_26)
FNDA:0,(anonymous_27)
FNDA:0,(anonymous_28)
DA:5,0
DA:6,0
DA:14,0
DA:15,0
DA:22,0
DA:24,0
DA:25,0
DA:27,0
DA:28,0
DA:36,0
DA:39,0
DA:41,0
DA:42,0
DA:50,0
DA:52,0
DA:64,0
DA:75,0
DA:85,0
DA:91,0
DA:93,0
DA:94,0
DA:95,0
DA:98,0
DA:101,0
DA:104,0
DA:111,0
DA:118,0
DA:119,0
DA:120,0
DA:124,0
DA:125,0
DA:126,0
DA:129,0
DA:134,0
DA:135,0
DA:137,0
DA:138,0
DA:139,0
DA:141,0
DA:142,0
DA:146,0
DA:151,0
DA:152,0
DA:154,0
DA:155,0
DA:156,0
DA:158,0
DA:159,0
DA:163,0
DA:168,0
DA:171,0
DA:172,0
DA:176,0
DA:177,0
DA:178,0
DA:182,0
DA:183,0
DA:185,0
DA:186,0
DA:189,0
DA:197,0
DA:198,0
DA:200,0
DA:202,0
DA:203,0
DA:204,0
DA:205,0
DA:207,0
DA:212,0
DA:214,0
DA:224,0
DA:225,0
DA:226,0
DA:227,0
DA:229,0
DA:231,0
DA:240,0
DA:242,0
DA:248,0
DA:258,0
DA:260,0
DA:261,0
DA:262,0
DA:268,0
DA:270,0
DA:271,0
DA:272,0
DA:275,0
DA:284,0
DA:285,0
DA:286,0
DA:288,0
DA:289,0
DA:290,0
DA:292,0
DA:293,0
DA:294,0
DA:296,0
DA:297,0
DA:298,0
DA:299,0
DA:306,0
DA:307,0
DA:315,0
DA:319,0
DA:330,0
DA:338,0
LF:107
LH:0
BRDA:5,0,0,0
BRDA:5,0,1,0
BRDA:14,1,0,0
BRDA:14,1,1,0
BRDA:27,2,0,0
BRDA:27,2,1,0
BRDA:41,3,0,0
BRDA:41,3,1,0
BRDA:76,4,0,0
BRDA:76,4,1,0
BRDA:76,4,2,0
BRDA:77,5,0,0
BRDA:77,5,1,0
BRDA:78,6,0,0
BRDA:78,6,1,0
BRDA:79,7,0,0
BRDA:79,7,1,0
BRDA:98,8,0,0
BRDA:98,8,1,0
BRDA:101,9,0,0
BRDA:101,9,1,0
BRDA:119,10,0,0
BRDA:119,10,1,0
BRDA:124,11,0,0
BRDA:124,11,1,0
BRDA:124,11,2,0
BRDA:125,12,0,0
BRDA:125,12,1,0
BRDA:125,12,2,0
BRDA:141,13,0,0
BRDA:141,13,1,0
BRDA:141,14,0,0
BRDA:141,14,1,0
BRDA:141,14,2,0
BRDA:158,15,0,0
BRDA:158,15,1,0
BRDA:158,16,0,0
BRDA:158,16,1,0
BRDA:158,16,2,0
BRDA:171,17,0,0
BRDA:171,17,1,0
BRDA:177,18,0,0
BRDA:177,18,1,0
BRDA:177,19,0,0
BRDA:177,19,1,0
BRDA:185,20,0,0
BRDA:185,20,1,0
BRDA:202,21,0,0
BRDA:202,21,1,0
BRDA:203,22,0,0
BRDA:203,22,1,0
BRDA:204,23,0,0
BRDA:204,23,1,0
BRDA:205,24,0,0
BRDA:205,24,1,0
BRDA:245,25,0,0
BRDA:245,25,1,0
BRDA:296,26,0,0
BRDA:296,26,1,0
BRDA:315,27,0,0
BRDA:315,27,1,0
BRF:61
BRH:0
end_of_record
TN:
SF:services\budgetAnalysisService.js
FN:3,(anonymous_0)
FN:61,(anonymous_1)
FN:67,(anonymous_2)
FN:68,(anonymous_3)
FN:72,(anonymous_4)
FN:81,(anonymous_5)
FN:117,(anonymous_6)
FN:127,(anonymous_7)
FN:150,(anonymous_8)
FN:186,(anonymous_9)
FN:206,(anonymous_10)
FN:227,(anonymous_11)
FN:243,(anonymous_12)
FNF:13
FNH:0
FNDA:0,(anonymous_0)
FNDA:0,(anonymous_1)
FNDA:0,(anonymous_2)
FNDA:0,(anonymous_3)
FNDA:0,(anonymous_4)
FNDA:0,(anonymous_5)
FNDA:0,(anonymous_6)
FNDA:0,(anonymous_7)
FNDA:0,(anonymous_8)
FNDA:0,(anonymous_9)
FNDA:0,(anonymous_10)
FNDA:0,(anonymous_11)
FNDA:0,(anonymous_12)
DA:4,0
DA:5,0
DA:11,0
DA:12,0
DA:18,0
DA:20,0
DA:27,0
DA:30,0
DA:33,0
DA:35,0
DA:53,0
DA:62,0
DA:63,0
DA:66,0
DA:67,0
DA:68,0
DA:73,0
DA:74,0
DA:77,0
DA:82,0
DA:83,0
DA:89,0
DA:90,0
DA:92,0
DA:93,0
DA:94,0
DA:95,0
DA:96,0
DA:100,0
DA:104,0
DA:109,0
DA:118,0
DA:119,0
DA:125,0
DA:127,0
DA:129,0
DA:130,0
DA:145,0
DA:146,0
DA:147,0
DA:149,0
DA:150,0
DA:151,0
DA:154,0
DA:155,0
DA:156,0
DA:157,0
DA:161,0
DA:162,0
DA:164,0
DA:178,0
DA:188,0
DA:189,0
DA:193,0
DA:194,0
DA:198,0
DA:199,0
DA:200,0
DA:202,0
DA:207,0
DA:208,0
DA:211,0
DA:213,0
DA:214,0
DA:215,0
DA:216,0
DA:217,0
DA:218,0
DA:219,0
DA:220,0
DA:222,0
DA:228,0
DA:229,0
DA:232,0
DA:244,0
DA:251,0
LF:76
LH:0
BRDA:4,0,0,0
BRDA:4,0,1,0
BRDA:11,1,0,0
BRDA:11,1,1,0
BRDA:11,2,0,0
BRDA:11,2,1,0
BRDA:11,2,2,0
BRDA:11,2,3,0
BRDA:62,3,0,0
BRDA:62,3,1,0
BRDA:62,4,0,0
BRDA:62,4,1,0
BRDA:68,5,0,0
BRDA:68,5,1,0
BRDA:73,6,0,0
BRDA:73,6,1,0
BRDA:73,7,0,0
BRDA:73,7,1,0
BRDA:82,8,0,0
BRDA:82,8,1,0
BRDA:82,9,0,0
BRDA:82,9,1,0
BRDA:95,10,0,0
BRDA:95,10,1,0
BRDA:118,11,0,0
BRDA:118,11,1,0
BRDA:129,12,0,0
BRDA:129,12,1,0
BRDA:154,13,0,0
BRDA:154,13,1,0
BRDA:188,14,0,0
BRDA:188,14,1,0
BRDA:193,15,0,0
BRDA:193,15,1,0
BRDA:198,16,0,0
BRDA:198,16,1,0
BRDA:198,16,2,0
BRDA:198,16,3,0
BRDA:202,17,0,0
BRDA:202,17,1,0
BRDA:207,18,0,0
BRDA:207,18,1,0
BRDA:213,19,0,0
BRDA:213,19,1,0
BRDA:215,20,0,0
BRDA:215,20,1,0
BRDA:217,21,0,0
BRDA:217,21,1,0
BRDA:219,22,0,0
BRDA:219,22,1,0
BRDA:228,23,0,0
BRDA:228,23,1,0
BRF:52
BRH:0
end_of_record
TN:
SF:services\budgetService.js
FN:5,(anonymous_0)
FN:12,(anonymous_1)
FN:39,(anonymous_2)
FN:71,(anonymous_3)
FN:126,(anonymous_4)
FN:163,(anonymous_5)
FNF:6
FNH:2
FNDA:1,(anonymous_0)
FNDA:3,(anonymous_1)
FNDA:0,(anonymous_2)
FNDA:0,(anonymous_3)
FNDA:0,(anonymous_4)
FNDA:0,(anonymous_5)
DA:1,1
DA:7,1
DA:9,1
DA:10,1
DA:12,3
DA:18,0
DA:24,0
DA:25,0
DA:32,0
DA:40,0
DA:42,0
DA:43,0
DA:49,0
DA:50,0
DA:58,0
DA:63,0
DA:72,0
DA:73,0
DA:74,0
DA:82,0
DA:84,0
DA:85,0
DA:86,0
DA:93,0
DA:94,0
DA:102,0
DA:103,0
DA:104,0
DA:111,0
DA:116,0
DA:117,0
DA:127,0
DA:128,0
DA:129,0
DA:136,0
DA:137,0
DA:139,0
DA:140,0
DA:141,0
DA:148,0
DA:153,0
DA:154,0
DA:164,0
DA:168,1
LF:44
LH:6
BRDA:5,0,0,0
BRDA:5,1,0,1
BRDA:9,2,0,1
BRDA:9,2,1,0
BRDA:24,3,0,0
BRDA:24,3,1,0
BRDA:39,4,0,0
BRDA:42,5,0,0
BRDA:42,5,1,0
BRDA:55,6,0,0
BRDA:55,6,1,0
BRDA:71,7,0,0
BRDA:72,8,0,0
BRDA:72,8,1,0
BRDA:84,9,0,0
BRDA:84,9,1,0
BRDA:96,10,0,0
BRDA:96,10,1,0
BRDA:97,11,0,0
BRDA:97,11,1,0
BRDA:102,12,0,0
BRDA:102,12,1,0
BRDA:127,13,0,0
BRDA:127,13,1,0
BRDA:139,14,0,0
BRDA:139,14,1,0
BRDA:164,15,0,0
BRDA:164,15,1,0
BRF:28
BRH:2
end_of_record
TN:
SF:services\contactService.js
FN:3,(anonymous_0)
FN:38,(anonymous_1)
FN:70,(anonymous_2)
FN:107,(anonymous_3)
FN:113,(anonymous_4)
FNF:5
FNH:0
FNDA:0,(anonymous_0)
FNDA:0,(anonymous_1)
FNDA:0,(anonymous_2)
FNDA:0,(anonymous_3)
FNDA:0,(anonymous_4)
DA:4,0
DA:7,0
DA:8,0
DA:11,0
DA:12,0
DA:16,0
DA:17,0
DA:18,0
DA:19,0
DA:24,0
DA:25,0
DA:26,0
DA:27,0
DA:31,0
DA:39,0
DA:41,0
DA:42,0
DA:48,0
DA:49,0
DA:57,0
DA:62,0
DA:71,0
DA:73,0
DA:74,0
DA:78,0
DA:79,0
DA:82,0
DA:83,0
DA:86,0
DA:87,0
DA:88,0
DA:89,0
DA:93,0
DA:94,0
DA:95,0
DA:96,0
DA:100,0
DA:108,0
DA:109,0
DA:114,0
DA:115,0
DA:116,0
DA:117,0
DA:121,0
LF:44
LH:0
BRDA:7,0,0,0
BRDA:7,0,1,0
BRDA:7,1,0,0
BRDA:7,1,1,0
BRDA:11,2,0,0
BRDA:11,2,1,0
BRDA:11,3,0,0
BRDA:11,3,1,0
BRDA:16,4,0,0
BRDA:16,4,1,0
BRDA:18,5,0,0
BRDA:18,5,1,0
BRDA:18,6,0,0
BRDA:18,6,1,0
BRDA:24,7,0,0
BRDA:24,7,1,0
BRDA:26,8,0,0
BRDA:26,8,1,0
BRDA:26,9,0,0
BRDA:26,9,1,0
BRDA:41,10,0,0
BRDA:41,10,1,0
BRDA:52,11,0,0
BRDA:52,11,1,0
BRDA:53,12,0,0
BRDA:53,12,1,0
BRDA:54,13,0,0
BRDA:54,13,1,0
BRDA:73,14,0,0
BRDA:73,14,1,0
BRDA:78,15,0,0
BRDA:78,15,1,0
BRDA:78,16,0,0
BRDA:78,16,1,0
BRDA:78,16,2,0
BRDA:82,17,0,0
BRDA:82,17,1,0
BRDA:82,18,0,0
BRDA:82,18,1,0
BRDA:86,19,0,0
BRDA:86,19,1,0
BRDA:86,20,0,0
BRDA:86,20,1,0
BRDA:88,21,0,0
BRDA:88,21,1,0
BRDA:88,22,0,0
BRDA:88,22,1,0
BRDA:93,23,0,0
BRDA:93,23,1,0
BRDA:93,24,0,0
BRDA:93,24,1,0
BRDA:95,25,0,0
BRDA:95,25,1,0
BRDA:95,26,0,0
BRDA:95,26,1,0
BRDA:114,27,0,0
BRDA:114,27,1,0
BRDA:114,28,0,0
BRDA:114,28,1,0
BRDA:117,29,0,0
BRDA:117,29,1,0
BRF:61
BRH:0
end_of_record
TN:
SF:services\costCenterService.js
FN:5,(anonymous_0)
FN:12,(anonymous_1)
FN:20,(anonymous_2)
FN:41,(anonymous_3)
FN:70,(anonymous_4)
FN:122,(anonymous_5)
FNF:6
FNH:2
FNDA:1,(anonymous_0)
FNDA:1,(anonymous_1)
FNDA:0,(anonymous_2)
FNDA:0,(anonymous_3)
FNDA:0,(anonymous_4)
FNDA:0,(anonymous_5)
DA:1,1
DA:7,1
DA:9,1
DA:10,1
DA:12,1
DA:18,0
DA:19,0
DA:20,0
DA:21,0
DA:25,0
DA:26,0
DA:34,0
DA:42,0
DA:44,0
DA:45,0
DA:51,0
DA:52,0
DA:57,0
DA:62,0
DA:71,0
DA:72,0
DA:73,0
DA:81,0
DA:83,0
DA:84,0
DA:85,0
DA:92,0
DA:93,0
DA:98,0
DA:99,0
DA:100,0
DA:107,0
DA:112,0
DA:113,0
DA:123,0
DA:124,0
DA:125,0
DA:132,0
DA:133,0
DA:135,0
DA:136,0
DA:137,0
DA:144,0
DA:149,0
DA:150,0
DA:159,1
LF:46
LH:6
BRDA:5,0,0,0
BRDA:5,1,0,1
BRDA:9,2,0,1
BRDA:9,2,1,0
BRDA:18,3,0,0
BRDA:18,3,1,0
BRDA:21,4,0,0
BRDA:21,4,1,0
BRDA:25,5,0,0
BRDA:25,5,1,0
BRDA:41,6,0,0
BRDA:44,7,0,0
BRDA:44,7,1,0
BRDA:54,8,0,0
BRDA:54,8,1,0
BRDA:70,9,0,0
BRDA:71,10,0,0
BRDA:71,10,1,0
BRDA:83,11,0,0
BRDA:83,11,1,0
BRDA:98,12,0,0
BRDA:98,12,1,0
BRDA:123,13,0,0
BRDA:123,13,1,0
BRDA:135,14,0,0
BRDA:135,14,1,0
BRF:26
BRH:2
end_of_record
TN:
SF:services\dashboardService.js
FN:5,(anonymous_0)
FN:66,(anonymous_1)
FN:115,(anonymous_2)
FN:128,(anonymous_3)
FN:143,(anonymous_4)
FN:150,(anonymous_5)
FN:169,(anonymous_6)
FN:183,(anonymous_7)
FN:208,(anonymous_8)
FN:240,(anonymous_9)
FN:247,(anonymous_10)
FN:248,(anonymous_11)
FN:260,(anonymous_12)
FN:279,(anonymous_13)
FN:304,(anonymous_14)
FN:316,(anonymous_15)
FN:340,(anonymous_16)
FN:354,(anonymous_17)
FNF:18
FNH:0
FNDA:0,(anonymous_0)
FNDA:0,(anonymous_1)
FNDA:0,(anonymous_2)
FNDA:0,(anonymous_3)
FNDA:0,(anonymous_4)
FNDA:0,(anonymous_5)
FNDA:0,(anonymous_6)
FNDA:0,(anonymous_7)
FNDA:0,(anonymous_8)
FNDA:0,(anonymous_9)
FNDA:0,(anonymous_10)
FNDA:0,(anonymous_11)
FNDA:0,(anonymous_12)
FNDA:0,(anonymous_13)
FNDA:0,(anonymous_14)
FNDA:0,(anonymous_15)
FNDA:0,(anonymous_16)
FNDA:0,(anonymous_17)
DA:1,0
DA:6,0
DA:7,0
DA:8,0
DA:10,0
DA:11,0
DA:12,0
DA:13,0
DA:15,0
DA:16,0
DA:22,0
DA:23,0
DA:29,0
DA:30,0
DA:31,0
DA:32,0
DA:36,0
DA:37,0
DA:42,0
DA:58,0
DA:67,0
DA:68,0
DA:69,0
DA:71,0
DA:79,0
DA:80,0
DA:82,0
DA:83,0
DA:88,0
DA:93,0
DA:94,0
DA:98,0
DA:107,0
DA:116,0
DA:117,0
DA:118,0
DA:119,0
DA:121,0
DA:122,0
DA:128,0
DA:129,0
DA:131,0
DA:139,0
DA:143,0
DA:144,0
DA:150,0
DA:152,0
DA:161,0
DA:170,0
DA:171,0
DA:177,0
DA:178,0
DA:181,0
DA:183,0
DA:191,0
DA:200,0
DA:209,0
DA:210,0
DA:211,0
DA:213,0
DA:214,0
DA:216,0
DA:217,0
DA:219,0
DA:220,0
DA:222,0
DA:240,0
DA:242,0
DA:247,0
DA:248,0
DA:252,0
DA:261,0
DA:262,0
DA:263,0
DA:265,0
DA:266,0
DA:267,0
DA:269,0
DA:270,0
DA:272,0
DA:273,0
DA:279,0
DA:280,0
DA:282,0
DA:288,0
DA:291,0
DA:299,0
DA:304,0
DA:308,0
DA:317,0
DA:318,0
DA:325,0
DA:326,0
DA:333,0
DA:341,0
DA:342,0
DA:345,0
DA:354,0
DA:364,0
LF:99
LH:0
BRDA:22,0,0,0
BRDA:22,0,1,0
BRDA:26,1,0,0
BRDA:26,1,1,0
BRDA:82,2,0,0
BRDA:82,2,1,0
BRDA:115,3,0,0
BRDA:144,4,0,0
BRDA:144,4,1,0
BRDA:156,5,0,0
BRDA:156,5,1,0
BRDA:169,6,0,0
BRDA:169,7,0,0
BRDA:177,8,0,0
BRDA:177,8,1,0
BRDA:208,9,0,0
BRDA:216,10,0,0
BRDA:216,10,1,0
BRDA:219,11,0,0
BRDA:219,11,1,0
BRDA:220,12,0,0
BRDA:220,12,1,0
BRDA:260,13,0,0
BRDA:317,14,0,0
BRDA:317,14,1,0
BRDA:325,15,0,0
BRDA:325,15,1,0
BRDA:325,16,0,0
BRDA:325,16,1,0
BRDA:341,17,0,0
BRDA:341,17,1,0
BRF:31
BRH:0
end_of_record
TN:
SF:services\invoiceService.js
FN:5,(anonymous_0)
FN:11,(anonymous_1)
FN:23,(anonymous_2)
FN:56,(anonymous_3)
FN:123,(anonymous_4)
FN:168,(anonymous_5)
FN:216,(anonymous_6)
FNF:7
FNH:2
FNDA:1,(anonymous_0)
FNDA:2,(anonymous_1)
FNDA:0,(anonymous_2)
FNDA:0,(anonymous_3)
FNDA:0,(anonymous_4)
FNDA:0,(anonymous_5)
FNDA:0,(anonymous_6)
DA:1,1
DA:6,1
DA:8,1
DA:9,1
DA:11,2
DA:16,0
DA:24,0
DA:26,0
DA:27,0
DA:33,0
DA:34,0
DA:43,0
DA:48,0
DA:57,0
DA:58,0
DA:59,0
DA:66,0
DA:68,0
DA:70,0
DA:71,0
DA:72,0
DA:79,0
DA:80,0
DA:81,0
DA:89,0
DA:91,0
DA:92,0
DA:93,0
DA:100,0
DA:108,0
DA:113,0
DA:114,0
DA:124,0
DA:125,0
DA:131,0
DA:133,0
DA:135,0
DA:136,0
DA:143,0
DA:145,0
DA:146,0
DA:153,0
DA:155,0
DA:160,0
DA:169,0
DA:170,0
DA:171,0
DA:178,0
DA:179,0
DA:181,0
DA:182,0
DA:183,0
DA:190,0
DA:191,0
DA:192,0
DA:199,0
DA:201,0
DA:206,0
DA:207,0
DA:217,0
DA:230,0
DA:238,1
LF:62
LH:6
BRDA:8,0,0,1
BRDA:8,0,1,0
BRDA:26,1,0,0
BRDA:26,1,1,0
BRDA:37,2,0,0
BRDA:37,2,1,0
BRDA:39,3,0,0
BRDA:39,3,1,0
BRDA:40,4,0,0
BRDA:40,4,1,0
BRDA:57,5,0,0
BRDA:57,5,1,0
BRDA:70,6,0,0
BRDA:70,6,1,0
BRDA:79,7,0,0
BRDA:79,7,1,0
BRDA:91,8,0,0
BRDA:91,8,1,0
BRDA:104,9,0,0
BRDA:104,9,1,0
BRDA:124,10,0,0
BRDA:124,10,1,0
BRDA:135,11,0,0
BRDA:135,11,1,0
BRDA:145,12,0,0
BRDA:145,12,1,0
BRDA:169,13,0,0
BRDA:169,13,1,0
BRDA:181,14,0,0
BRDA:181,14,1,0
BRDA:190,15,0,0
BRDA:190,15,1,0
BRDA:230,16,0,0
BRDA:230,16,1,0
BRF:34
BRH:1
end_of_record
TN:
SF:services\productService.js
FN:3,(anonymous_0)
FN:26,(anonymous_1)
FN:57,(anonymous_2)
FNF:3
FNH:0
FNDA:0,(anonymous_0)
FNDA:0,(anonymous_1)
FNDA:0,(anonymous_2)
DA:4,0
DA:7,0
DA:8,0
DA:11,0
DA:12,0
DA:15,0
DA:16,0
DA:19,0
DA:27,0
DA:29,0
DA:30,0
DA:36,0
DA:37,0
DA:44,0
DA:49,0
DA:58,0
DA:60,0
DA:61,0
DA:65,0
DA:66,0
DA:69,0
DA:70,0
DA:73,0
DA:74,0
DA:77,0
DA:84,0
LF:26
LH:0
BRDA:7,0,0,0
BRDA:7,0,1,0
BRDA:7,1,0,0
BRDA:7,1,1,0
BRDA:11,2,0,0
BRDA:11,2,1,0
BRDA:11,3,0,0
BRDA:11,3,1,0
BRDA:15,4,0,0
BRDA:15,4,1,0
BRDA:15,5,0,0
BRDA:15,5,1,0
BRDA:29,6,0,0
BRDA:29,6,1,0
BRDA:40,7,0,0
BRDA:40,7,1,0
BRDA:41,8,0,0
BRDA:41,8,1,0
BRDA:60,9,0,0
BRDA:60,9,1,0
BRDA:65,10,0,0
BRDA:65,10,1,0
BRDA:65,11,0,0
BRDA:65,11,1,0
BRDA:65,11,2,0
BRDA:69,12,0,0
BRDA:69,12,1,0
BRDA:69,13,0,0
BRDA:69,13,1,0
BRDA:69,13,2,0
BRDA:73,14,0,0
BRDA:73,14,1,0
BRDA:73,15,0,0
BRDA:73,15,1,0
BRF:34
BRH:0
end_of_record
TN:
SF:services\productionExpenseService.js
FN:3,(anonymous_0)
FN:31,(anonymous_1)
FN:64,(anonymous_2)
FN:102,(anonymous_3)
FN:145,(anonymous_4)
FN:190,(anonymous_5)
FNF:6
FNH:0
FNDA:0,(anonymous_0)
FNDA:0,(anonymous_1)
FNDA:0,(anonymous_2)
FNDA:0,(anonymous_3)
FNDA:0,(anonymous_4)
FNDA:0,(anonymous_5)
DA:4,0
DA:7,0
DA:8,0
DA:11,0
DA:12,0
DA:16,0
DA:17,0
DA:20,0
DA:21,0
DA:24,0
DA:32,0
DA:34,0
DA:35,0
DA:41,0
DA:42,0
DA:51,0
DA:56,0
DA:65,0
DA:67,0
DA:68,0
DA:72,0
DA:73,0
DA:74,0
DA:75,0
DA:76,0
DA:77,0
DA:78,0
DA:81,0
DA:86,0
DA:87,0
DA:91,0
DA:92,0
DA:95,0
DA:103,0
DA:104,0
DA:110,0
DA:112,0
DA:114,0
DA:115,0
DA:122,0
DA:123,0
DA:130,0
DA:132,0
DA:137,0
DA:146,0
DA:147,0
DA:153,0
DA:154,0
DA:156,0
DA:157,0
DA:163,0
DA:164,0
DA:170,0
DA:171,0
DA:177,0
DA:182,0
DA:191,0
DA:204,0
DA:212,0
LF:59
LH:0
BRDA:7,0,0,0
BRDA:7,0,1,0
BRDA:11,1,0,0
BRDA:11,1,1,0
BRDA:11,2,0,0
BRDA:11,2,1,0
BRDA:16,3,0,0
BRDA:16,3,1,0
BRDA:16,4,0,0
BRDA:16,4,1,0
BRDA:20,5,0,0
BRDA:20,5,1,0
BRDA:20,6,0,0
BRDA:20,6,1,0
BRDA:34,7,0,0
BRDA:34,7,1,0
BRDA:47,8,0,0
BRDA:47,8,1,0
BRDA:48,9,0,0
BRDA:48,9,1,0
BRDA:67,10,0,0
BRDA:67,10,1,0
BRDA:72,11,0,0
BRDA:72,11,1,0
BRDA:75,12,0,0
BRDA:75,12,1,0
BRDA:77,13,0,0
BRDA:77,13,1,0
BRDA:86,14,0,0
BRDA:86,14,1,0
BRDA:86,15,0,0
BRDA:86,15,1,0
BRDA:91,16,0,0
BRDA:91,16,1,0
BRDA:91,17,0,0
BRDA:91,17,1,0
BRDA:91,17,2,0
BRDA:103,18,0,0
BRDA:103,18,1,0
BRDA:114,19,0,0
BRDA:114,19,1,0
BRDA:122,20,0,0
BRDA:122,20,1,0
BRDA:146,21,0,0
BRDA:146,21,1,0
BRDA:156,22,0,0
BRDA:156,22,1,0
BRDA:163,23,0,0
BRDA:163,23,1,0
BRDA:170,24,0,0
BRDA:170,24,1,0
BRDA:204,25,0,0
BRDA:204,25,1,0
BRF:53
BRH:0
end_of_record
TN:
SF:services\purchaseBillService.js
FN:3,(anonymous_0)
FN:31,(anonymous_1)
FN:64,(anonymous_2)
FN:102,(anonymous_3)
FN:145,(anonymous_4)
FN:190,(anonymous_5)
FNF:6
FNH:0
FNDA:0,(anonymous_0)
FNDA:0,(anonymous_1)
FNDA:0,(anonymous_2)
FNDA:0,(anonymous_3)
FNDA:0,(anonymous_4)
FNDA:0,(anonymous_5)
DA:4,0
DA:7,0
DA:8,0
DA:11,0
DA:12,0
DA:16,0
DA:17,0
DA:20,0
DA:21,0
DA:24,0
DA:32,0
DA:34,0
DA:35,0
DA:41,0
DA:42,0
DA:51,0
DA:56,0
DA:65,0
DA:67,0
DA:68,0
DA:72,0
DA:73,0
DA:74,0
DA:75,0
DA:76,0
DA:77,0
DA:78,0
DA:81,0
DA:86,0
DA:87,0
DA:91,0
DA:92,0
DA:95,0
DA:103,0
DA:104,0
DA:110,0
DA:112,0
DA:114,0
DA:115,0
DA:122,0
DA:123,0
DA:130,0
DA:132,0
DA:137,0
DA:146,0
DA:147,0
DA:153,0
DA:154,0
DA:156,0
DA:157,0
DA:163,0
DA:164,0
DA:170,0
DA:171,0
DA:177,0
DA:182,0
DA:191,0
DA:204,0
DA:212,0
LF:59
LH:0
BRDA:7,0,0,0
BRDA:7,0,1,0
BRDA:11,1,0,0
BRDA:11,1,1,0
BRDA:11,2,0,0
BRDA:11,2,1,0
BRDA:16,3,0,0
BRDA:16,3,1,0
BRDA:16,4,0,0
BRDA:16,4,1,0
BRDA:20,5,0,0
BRDA:20,5,1,0
BRDA:20,6,0,0
BRDA:20,6,1,0
BRDA:34,7,0,0
BRDA:34,7,1,0
BRDA:47,8,0,0
BRDA:47,8,1,0
BRDA:48,9,0,0
BRDA:48,9,1,0
BRDA:67,10,0,0
BRDA:67,10,1,0
BRDA:72,11,0,0
BRDA:72,11,1,0
BRDA:75,12,0,0
BRDA:75,12,1,0
BRDA:77,13,0,0
BRDA:77,13,1,0
BRDA:86,14,0,0
BRDA:86,14,1,0
BRDA:86,15,0,0
BRDA:86,15,1,0
BRDA:91,16,0,0
BRDA:91,16,1,0
BRDA:91,17,0,0
BRDA:91,17,1,0
BRDA:91,17,2,0
BRDA:103,18,0,0
BRDA:103,18,1,0
BRDA:114,19,0,0
BRDA:114,19,1,0
BRDA:122,20,0,0
BRDA:122,20,1,0
BRDA:146,21,0,0
BRDA:146,21,1,0
BRDA:156,22,0,0
BRDA:156,22,1,0
BRDA:163,23,0,0
BRDA:163,23,1,0
BRDA:170,24,0,0
BRDA:170,24,1,0
BRDA:204,25,0,0
BRDA:204,25,1,0
BRF:53
BRH:0
end_of_record
TN:
SF:services\recordImmutabilityService.js
FN:3,(anonymous_0)
FN:28,(anonymous_1)
FN:53,(anonymous_2)
FN:67,(anonymous_3)
FN:81,(anonymous_4)
FN:95,(anonymous_5)
FN:109,(anonymous_6)
FN:123,(anonymous_7)
FN:137,(anonymous_8)
FN:157,(anonymous_9)
FN:162,(anonymous_10)
FN:167,(anonymous_11)
FN:205,(anonymous_12)
FN:219,(anonymous_13)
FN:233,(anonymous_14)
FN:255,(anonymous_15)
FN:256,(anonymous_16)
FN:262,(anonymous_17)
FNF:18
FNH:0
FNDA:0,(anonymous_0)
FNDA:0,(anonymous_1)
FNDA:0,(anonymous_2)
FNDA:0,(anonymous_3)
FNDA:0,(anonymous_4)
FNDA:0,(anonymous_5)
FNDA:0,(anonymous_6)
FNDA:0,(anonymous_7)
FNDA:0,(anonymous_8)
FNDA:0,(anonymous_9)
FNDA:0,(anonymous_10)
FNDA:0,(anonymous_11)
FNDA:0,(anonymous_12)
FNDA:0,(anonymous_13)
FNDA:0,(anonymous_14)
FNDA:0,(anonymous_15)
FNDA:0,(anonymous_16)
FNDA:0,(anonymous_17)
DA:4,0
DA:5,0
DA:12,0
DA:13,0
DA:20,0
DA:29,0
DA:30,0
DA:37,0
DA:38,0
DA:45,0
DA:54,0
DA:55,0
DA:56,0
DA:58,0
DA:68,0
DA:69,0
DA:70,0
DA:72,0
DA:82,0
DA:83,0
DA:84,0
DA:86,0
DA:96,0
DA:97,0
DA:98,0
DA:100,0
DA:110,0
DA:111,0
DA:112,0
DA:114,0
DA:124,0
DA:125,0
DA:126,0
DA:128,0
DA:138,0
DA:139,0
DA:141,0
DA:142,0
DA:144,0
DA:147,0
DA:158,0
DA:163,0
DA:168,0
DA:169,0
DA:177,0
DA:179,0
DA:181,0
DA:188,0
DA:195,0
DA:206,0
DA:220,0
DA:234,0
DA:235,0
DA:237,0
DA:238,0
DA:240,0
DA:245,0
DA:246,0
DA:250,0
DA:255,0
DA:256,0
DA:263,0
DA:265,0
DA:266,0
DA:273,0
DA:274,0
DA:281,0
DA:285,0
LF:68
LH:0
BRDA:3,0,0,0
BRDA:4,1,0,0
BRDA:4,1,1,0
BRDA:12,2,0,0
BRDA:12,2,1,0
BRDA:28,3,0,0
BRDA:29,4,0,0
BRDA:29,4,1,0
BRDA:37,5,0,0
BRDA:37,5,1,0
BRDA:137,6,0,0
BRDA:137,7,0,0
BRDA:141,8,0,0
BRDA:141,8,1,0
BRDA:158,9,0,0
BRDA:158,9,1,0
BRDA:163,10,0,0
BRDA:163,10,1,0
BRDA:168,11,0,0
BRDA:168,11,1,0
BRDA:179,12,0,0
BRDA:179,12,1,0
BRDA:179,12,2,0
BRDA:205,13,0,0
BRDA:205,14,0,0
BRDA:219,15,0,0
BRDA:219,16,0,0
BRDA:233,17,0,0
BRDA:233,18,0,0
BRDA:245,19,0,0
BRDA:245,19,1,0
BRDA:245,20,0,0
BRDA:245,20,1,0
BRDA:255,21,0,0
BRDA:255,21,1,0
BRDA:256,22,0,0
BRDA:256,22,1,0
BRDA:265,23,0,0
BRDA:265,23,1,0
BRDA:265,24,0,0
BRDA:265,24,1,0
BRDA:273,25,0,0
BRDA:273,25,1,0
BRDA:273,26,0,0
BRDA:273,26,1,0
BRF:45
BRH:0
end_of_record
TN:
SF:services\reportService.js
FN:5,(anonymous_0)
FN:13,(anonymous_1)
FN:16,(anonymous_2)
FN:31,(anonymous_3)
FN:93,(anonymous_4)
FN:99,(anonymous_5)
FN:112,(anonymous_6)
FN:125,(anonymous_7)
FN:140,(anonymous_8)
FN:147,(anonymous_9)
FN:160,(anonymous_10)
FN:178,(anonymous_11)
FN:191,(anonymous_12)
FN:201,(anonymous_13)
FN:203,(anonymous_14)
FN:204,(anonymous_15)
FN:233,(anonymous_16)
FN:240,(anonymous_17)
FN:252,(anonymous_18)
FN:260,(anonymous_19)
FN:284,(anonymous_20)
FN:299,(anonymous_21)
FN:315,(anonymous_22)
FN:319,(anonymous_23)
FN:329,(anonymous_24)
FN:335,(anonymous_25)
FN:342,(anonymous_26)
FNF:27
FNH:0
FNDA:0,(anonymous_0)
FNDA:0,(anonymous_1)
FNDA:0,(anonymous_2)
FNDA:0,(anonymous_3)
FNDA:0,(anonymous_4)
FNDA:0,(anonymous_5)
FNDA:0,(anonymous_6)
FNDA:0,(anonymous_7)
FNDA:0,(anonymous_8)
FNDA:0,(anonymous_9)
FNDA:0,(anonymous_10)
FNDA:0,(anonymous_11)
FNDA:0,(anonymous_12)
FNDA:0,(anonymous_13)
FNDA:0,(anonymous_14)
FNDA:0,(anonymous_15)
FNDA:0,(anonymous_16)
FNDA:0,(anonymous_17)
FNDA:0,(anonymous_18)
FNDA:0,(anonymous_19)
FNDA:0,(anonymous_20)
FNDA:0,(anonymous_21)
FNDA:0,(anonymous_22)
FNDA:0,(anonymous_23)
FNDA:0,(anonymous_24)
FNDA:0,(anonymous_25)
FNDA:0,(anonymous_26)
DA:1,0
DA:6,0
DA:7,0
DA:8,0
DA:11,0
DA:12,0
DA:13,0
DA:15,0
DA:16,0
DA:17,0
DA:18,0
DA:20,0
DA:21,0
DA:22,0
DA:26,0
DA:27,0
DA:28,0
DA:30,0
DA:31,0
DA:32,0
DA:34,0
DA:35,0
DA:56,0
DA:57,0
DA:58,0
DA:62,0
DA:63,0
DA:65,0
DA:85,0
DA:94,0
DA:95,0
DA:96,0
DA:98,0
DA:99,0
DA:102,0
DA:103,0
DA:105,0
DA:106,0
DA:112,0
DA:113,0
DA:116,0
DA:118,0
DA:125,0
DA:135,0
DA:136,0
DA:140,0
DA:141,0
DA:147,0
DA:149,0
DA:160,0
DA:170,0
DA:179,0
DA:180,0
DA:187,0
DA:188,0
DA:191,0
DA:201,0
DA:203,0
DA:204,0
DA:206,0
DA:225,0
DA:234,0
DA:240,0
DA:241,0
DA:242,0
DA:243,0
DA:244,0
DA:248,0
DA:253,0
DA:254,0
DA:255,0
DA:256,0
DA:261,0
DA:262,0
DA:269,0
DA:270,0
DA:277,0
DA:285,0
DA:286,0
DA:289,0
DA:291,0
DA:294,0
DA:300,0
DA:302,0
DA:316,0
DA:318,0
DA:319,0
DA:329,0
DA:332,0
DA:334,0
DA:335,0
DA:342,0
DA:345,0
DA:349,0
LF:94
LH:0
BRDA:5,0,0,0
BRDA:12,1,0,0
BRDA:12,1,1,0
BRDA:15,2,0,0
BRDA:15,2,1,0
BRDA:15,3,0,0
BRDA:15,3,1,0
BRDA:20,4,0,0
BRDA:20,4,1,0
BRDA:20,5,0,0
BRDA:20,5,1,0
BRDA:21,6,0,0
BRDA:21,6,1,0
BRDA:21,7,0,0
BRDA:21,7,1,0
BRDA:34,8,0,0
BRDA:34,8,1,0
BRDA:38,9,0,0
BRDA:38,9,1,0
BRDA:39,10,0,0
BRDA:39,10,1,0
BRDA:93,11,0,0
BRDA:98,12,0,0
BRDA:98,12,1,0
BRDA:121,13,0,0
BRDA:121,13,1,0
BRDA:130,14,0,0
BRDA:130,14,1,0
BRDA:130,14,2,0
BRDA:130,14,3,0
BRDA:141,15,0,0
BRDA:141,15,1,0
BRDA:162,16,0,0
BRDA:162,16,1,0
BRDA:163,17,0,0
BRDA:163,17,1,0
BRDA:178,18,0,0
BRDA:187,19,0,0
BRDA:187,19,1,0
BRDA:194,20,0,0
BRDA:194,20,1,0
BRDA:197,21,0,0
BRDA:197,21,1,0
BRDA:242,22,0,0
BRDA:242,22,1,0
BRDA:244,23,0,0
BRDA:244,23,1,0
BRDA:253,24,0,0
BRDA:253,24,1,0
BRDA:253,25,0,0
BRDA:253,25,1,0
BRDA:254,26,0,0
BRDA:254,26,1,0
BRDA:254,27,0,0
BRDA:254,27,1,0
BRDA:255,28,0,0
BRDA:255,28,1,0
BRDA:255,29,0,0
BRDA:255,29,1,0
BRDA:261,30,0,0
BRDA:261,30,1,0
BRDA:269,31,0,0
BRDA:269,31,1,0
BRDA:269,32,0,0
BRDA:269,32,1,0
BRDA:284,33,0,0
BRDA:285,34,0,0
BRDA:285,34,1,0
BRDA:289,35,0,0
BRDA:289,35,1,0
BRDA:289,35,2,0
BRDA:306,36,0,0
BRDA:306,36,1,0
BRDA:307,37,0,0
BRDA:307,37,1,0
BRDA:308,38,0,0
BRDA:308,38,1,0
BRDA:309,39,0,0
BRDA:309,39,1,0
BRDA:316,40,0,0
BRDA:316,40,1,0
BRDA:332,41,0,0
BRDA:332,41,1,0
BRF:83
BRH:0
end_of_record
TN:
SF:services\validationService.js
FN:3,(anonymous_0)
FN:15,(anonymous_1)
FN:45,(anonymous_2)
FN:77,(anonymous_3)
FN:99,(anonymous_4)
FN:136,(anonymous_5)
FN:159,(anonymous_6)
FN:187,(anonymous_7)
FN:224,(anonymous_8)
FN:254,(anonymous_9)
FN:284,(anonymous_10)
FN:308,(anonymous_11)
FN:340,(anonymous_12)
FN:347,(anonymous_13)
FN:370,(anonymous_14)
FN:382,(anonymous_15)
FN:403,(anonymous_16)
FN:427,(anonymous_17)
FN:438,(anonymous_18)
FN:447,(anonymous_19)
FN:464,(anonymous_20)
FN:468,(anonymous_21)
FN:472,(anonymous_22)
FN:476,(anonymous_23)
FN:480,(anonymous_24)
FN:484,(anonymous_25)
FNF:26
FNH:26
FNDA:28,(anonymous_0)
FNDA:28,(anonymous_1)
FNDA:15,(anonymous_2)
FNDA:8,(anonymous_3)
FNDA:20,(anonymous_4)
FNDA:6,(anonymous_5)
FNDA:6,(anonymous_6)
FNDA:6,(anonymous_7)
FNDA:2,(anonymous_8)
FNDA:2,(anonymous_9)
FNDA:2,(anonymous_10)
FNDA:2,(anonymous_11)
FNDA:4,(anonymous_12)
FNDA:10,(anonymous_13)
FNDA:3,(anonymous_14)
FNDA:5,(anonymous_15)
FNDA:5,(anonymous_16)
FNDA:4,(anonymous_17)
FNDA:5,(anonymous_18)
FNDA:16,(anonymous_19)
FNDA:3,(anonymous_20)
FNDA:3,(anonymous_21)
FNDA:3,(anonymous_22)
FNDA:2,(anonymous_23)
FNDA:3,(anonymous_24)
FNDA:2,(anonymous_25)
DA:4,28
DA:5,16
DA:11,12
DA:16,28
DA:17,1
DA:24,27
DA:25,27
DA:26,3
DA:33,24
DA:34,13
DA:41,11
DA:46,15
DA:47,1
DA:54,14
DA:55,14
DA:57,14
DA:58,1
DA:65,13
DA:66,9
DA:73,4
DA:78,8
DA:79,1
DA:86,7
DA:87,7
DA:88,4
DA:95,3
DA:100,20
DA:101,4
DA:108,16
DA:109,1
DA:116,15
DA:117,0
DA:124,15
DA:125,4
DA:132,11
DA:137,6
DA:140,6
DA:141,3
DA:146,3
DA:147,3
DA:148,1
DA:152,6
DA:160,6
DA:163,6
DA:164,6
DA:165,4
DA:169,6
DA:170,6
DA:171,4
DA:175,6
DA:176,6
DA:177,4
DA:180,6
DA:188,6
DA:191,6
DA:192,6
DA:193,3
DA:197,6
DA:198,6
DA:199,3
DA:203,6
DA:204,5
DA:205,0
DA:209,5
DA:210,2
DA:217,6
DA:225,2
DA:228,2
DA:229,2
DA:230,1
DA:234,2
DA:235,2
DA:236,1
DA:240,2
DA:241,2
DA:242,2
DA:243,1
DA:247,2
DA:255,2
DA:258,2
DA:259,2
DA:260,1
DA:264,2
DA:265,2
DA:266,1
DA:270,2
DA:271,1
DA:272,1
DA:273,0
DA:277,2
DA:285,2
DA:288,2
DA:289,2
DA:290,1
DA:294,2
DA:295,2
DA:296,2
DA:297,0
DA:301,2
DA:309,2
DA:312,2
DA:313,2
DA:314,1
DA:318,2
DA:319,2
DA:320,2
DA:321,1
DA:326,2
DA:327,2
DA:328,2
DA:329,1
DA:333,2
DA:341,4
DA:343,4
DA:344,4
DA:347,4
DA:349,10
DA:350,1
DA:354,9
DA:355,5
DA:358,4
DA:359,4
DA:362,4
DA:365,4
DA:366,2
DA:370,3
DA:378,2
DA:383,5
DA:384,1
DA:391,4
DA:392,2
DA:399,2
DA:404,5
DA:406,5
DA:407,1
DA:413,5
DA:414,2
DA:420,5
DA:428,4
DA:429,1
DA:432,4
DA:434,4
DA:438,5
DA:448,16
DA:453,16
DA:454,0
DA:457,16
DA:465,3
DA:469,3
DA:473,3
DA:477,2
DA:481,3
DA:485,2
DA:489,2
LF:154
LH:149
BRDA:4,0,0,16
BRDA:4,0,1,12
BRDA:4,1,0,28
BRDA:4,1,1,17
BRDA:4,1,2,15
BRDA:16,2,0,1
BRDA:16,2,1,27
BRDA:16,3,0,28
BRDA:16,3,1,27
BRDA:25,4,0,3
BRDA:25,4,1,24
BRDA:33,5,0,13
BRDA:33,5,1,11
BRDA:46,6,0,1
BRDA:46,6,1,14
BRDA:46,7,0,15
BRDA:46,7,1,14
BRDA:57,8,0,1
BRDA:57,8,1,13
BRDA:57,9,0,14
BRDA:57,9,1,13
BRDA:65,10,0,9
BRDA:65,10,1,4
BRDA:78,11,0,1
BRDA:78,11,1,7
BRDA:87,12,0,4
BRDA:87,12,1,3
BRDA:99,13,0,0
BRDA:99,14,0,0
BRDA:100,15,0,4
BRDA:100,15,1,16
BRDA:108,16,0,1
BRDA:108,16,1,15
BRDA:116,17,0,0
BRDA:116,17,1,15
BRDA:124,18,0,4
BRDA:124,18,1,11
BRDA:140,19,0,3
BRDA:140,19,1,3
BRDA:140,20,0,6
BRDA:140,20,1,3
BRDA:140,20,2,3
BRDA:147,21,0,1
BRDA:147,21,1,2
BRDA:164,22,0,4
BRDA:164,22,1,2
BRDA:170,23,0,4
BRDA:170,23,1,2
BRDA:176,24,0,4
BRDA:176,24,1,2
BRDA:192,25,0,3
BRDA:192,25,1,3
BRDA:198,26,0,3
BRDA:198,26,1,3
BRDA:203,27,0,5
BRDA:203,27,1,1
BRDA:203,28,0,6
BRDA:203,28,1,5
BRDA:204,29,0,0
BRDA:204,29,1,5
BRDA:204,30,0,5
BRDA:204,30,1,5
BRDA:209,31,0,2
BRDA:209,31,1,3
BRDA:209,32,0,5
BRDA:209,32,1,5
BRDA:229,33,0,1
BRDA:229,33,1,1
BRDA:235,34,0,1
BRDA:235,34,1,1
BRDA:240,35,0,2
BRDA:240,35,1,0
BRDA:242,36,0,1
BRDA:242,36,1,1
BRDA:259,37,0,1
BRDA:259,37,1,1
BRDA:265,38,0,1
BRDA:265,38,1,1
BRDA:270,39,0,1
BRDA:270,39,1,1
BRDA:272,40,0,0
BRDA:272,40,1,1
BRDA:289,41,0,1
BRDA:289,41,1,1
BRDA:294,42,0,2
BRDA:294,42,1,0
BRDA:296,43,0,0
BRDA:296,43,1,2
BRDA:313,44,0,1
BRDA:313,44,1,1
BRDA:318,45,0,2
BRDA:318,45,1,0
BRDA:320,46,0,1
BRDA:320,46,1,1
BRDA:326,47,0,2
BRDA:326,47,1,0
BRDA:328,48,0,1
BRDA:328,48,1,1
BRDA:340,49,0,3
BRDA:349,50,0,1
BRDA:349,50,1,9
BRDA:349,51,0,10
BRDA:349,51,1,3
BRDA:354,52,0,5
BRDA:354,52,1,4
BRDA:362,53,0,4
BRDA:362,53,1,4
BRDA:365,54,0,2
BRDA:365,54,1,2
BRDA:383,55,0,1
BRDA:383,55,1,4
BRDA:391,56,0,2
BRDA:391,56,1,2
BRDA:406,57,0,1
BRDA:406,57,1,4
BRDA:406,58,0,5
BRDA:406,58,1,4
BRDA:406,58,2,4
BRDA:413,59,0,2
BRDA:413,59,1,3
BRDA:413,60,0,5
BRDA:413,60,1,4
BRDA:428,61,0,1
BRDA:428,61,1,3
BRDA:437,62,0,3
BRDA:437,62,1,1
BRDA:447,63,0,10
BRDA:453,64,0,0
BRDA:453,64,1,16
BRDA:464,65,0,3
BRDA:468,66,0,3
BRDA:472,67,0,3
BRDA:476,68,0,0
BRDA:480,69,0,3
BRDA:484,70,0,2
BRF:135
BRH:123
end_of_record
TN:
SF:utils\roleValidator.js
FN:4,(anonymous_0)
FN:56,(anonymous_1)
FN:70,(anonymous_2)
FN:82,(anonymous_3)
FNF:4
FNH:0
FNDA:0,(anonymous_0)
FNDA:0,(anonymous_1)
FNDA:0,(anonymous_2)
FNDA:0,(anonymous_3)
DA:1,0
DA:4,0
DA:5,0
DA:6,0
DA:12,0
DA:15,0
DA:16,0
DA:23,0
DA:25,0
DA:26,0
DA:33,0
DA:34,0
DA:41,0
DA:42,0
DA:49,0
DA:56,0
DA:57,0
DA:59,0
DA:61,0
DA:63,0
DA:65,0
DA:70,0
DA:71,0
DA:73,0
DA:75,0
DA:77,0
DA:82,0
DA:83,0
DA:85,0
DA:87,0
DA:89,0
DA:93,0
LF:32
LH:0
BRDA:5,0,0,0
BRDA:5,0,1,0
BRDA:15,1,0,0
BRDA:15,1,1,0
BRDA:23,2,0,0
BRDA:23,2,1,0
BRDA:25,3,0,0
BRDA:25,3,1,0
BRDA:33,4,0,0
BRDA:33,4,1,0
BRDA:33,5,0,0
BRDA:33,5,1,0
BRDA:41,6,0,0
BRDA:41,6,1,0
BRDA:57,7,0,0
BRDA:57,7,1,0
BRDA:57,7,2,0
BRDA:57,7,3,0
BRDA:71,8,0,0
BRDA:71,8,1,0
BRDA:71,8,2,0
BRDA:83,9,0,0
BRDA:83,9,1,0
BRDA:83,9,2,0
BRF:24
BRH:0
end_of_record
